Solver command line: []

Read LP format model from file /var/folders/2j/t8d8dcsn1tg5sc8l4kz4_4ch0000gn/T/tmp4blyaj78.pyomo.lp
Reading time = 0.03 seconds
x1: 1384 rows, 924 columns, 33944 nonzeros
Set parameter Threads to value 8
Set parameter NonConvex to value 2
Gurobi Optimizer version 12.0.1 build v12.0.1rc0 (mac64[x86] - Darwin 24.5.0 24F74)

CPU model: Intel(R) Core(TM) i7-9750H CPU @ 2.60GHz
Thread count: 6 physical cores, 12 logical processors, using up to 8 threads

Non-default parameters:
NonConvex  2
Threads  8

Optimize a model with 1384 rows, 924 columns and 33944 nonzeros
Model fingerprint: 0x6ef3d1df
Model has 3 quadratic constraints
Variable types: 474 continuous, 450 integer (450 binary)
Coefficient statistics:
  Matrix range     [3e-07, 1e+03]
  QMatrix range    [1e+00, 1e+00]
  Objective range  [4e-02, 9e-01]
  Bounds range     [1e+00, 1e+00]
  RHS range        [3e-03, 5e+03]
  QRHS range       [1e+04, 1e+04]
Presolve removed 141 rows and 113 columns
Presolve time: 0.45s
Presolved: 1246 rows, 814 columns, 29055 nonzeros
Presolved model has 2 bilinear constraint(s)

Solving non-convex MIQCP

Variable types: 413 continuous, 401 integer (401 binary)

Root relaxation: objective 3.075902e+04, 1304 iterations, 0.06 seconds (0.06 work units)

    Nodes    |    Current Node    |     Objective Bounds      |     Work
 Expl Unexpl |  Obj  Depth IntInf | Incumbent    BestBd   Gap | It/Node Time

     0     0 30759.0228    0  110          - 30759.0228      -     -    0s
     0     0 24679.3922    0  179          - 24679.3922      -     -    1s
     0     0 24644.2998    0  176          - 24644.2998      -     -    1s
     0     0 19916.1731    0  267          - 19916.1731      -     -    2s
     0     0 19410.0265    0  288          - 19410.0265      -     -    2s
H    0     0                    3508.1637475 15623.1966   345%     -    3s
     0     0 15623.1966    0  266 3508.16375 15623.1966   345%     -    3s
     0     0 15367.9569    0  276 3508.16375 15367.9569   338%     -    3s
     0     0 15367.9298    0  275 3508.16375 15367.9298   338%     -    3s
     0     0 14654.9043    0  285 3508.16375 14654.9043   318%     -    4s
     0     0 14654.8982    0  284 3508.16375 14654.8982   318%     -    4s
H    0     0                    3508.1637489 14653.3249   318%     -    4s
     0     0 14465.1433    0  281 3508.16375 14465.1433   312%     -    4s
     0     0 14373.1271    0  283 3508.16375 14373.1271   310%     -    4s
     0     0 14338.6009    0  287 3508.16375 14338.6009   309%     -    5s
     0     0 14296.2935    0  285 3508.16375 14296.2935   308%     -    5s
     0     0 14292.5573    0  290 3508.16375 14292.5573   307%     -    7s
     0     2 14291.9950    0  290 3508.16375 14291.9950   307%     -    7s
H   76    69                    3508.1637496 12204.9530   248%   420    9s
   137   118 10104.0623   11  257 3508.16375 12055.1236   244%   311   10s
H  172   121                    3508.5877849 12055.1236   244%   269   10s
H  436   276                    3508.6375685 10748.8527   206%   185   13s
H  841   440                    3508.8452964 10748.8527   206%   119   14s
   867   485 8803.41541   10  204 3508.84530 10414.1209   197%   119   15s
H  997   523                    3508.8541773 10184.1631   190%   112   15s
  2091  1043 5173.10163   20  155 3508.85418 9047.56623   158%  89.6   20s
  2445  1131 3611.13526   28  149 3508.85418 9003.35640   157%  82.3   25s
  2449  1134 7763.03282   14  288 3508.85418 9003.35640   157%  82.2   30s
  2453  1137 4096.20230   30  293 3508.85418 9003.35640   157%  82.0   35s
  2458  1140 6956.18349   22  297 3508.85418 9003.35640   157%  81.9   40s
  2464  1144 7506.53876   15  297 3508.85418 9003.35640   157%  81.7   45s
  2475  1160 9003.35640   13  251 3508.85418 9003.35640   157%  92.1   50s
  2509  1173 5662.51611   16  159 3508.85418 9003.35640   157%  95.9   56s
  2629  1180 4828.13310   23  139 3508.85418 9003.35640   157%  98.2   60s
  2830  1202 5377.42026   22  138 3508.85418 9003.35640   157%   103   65s
  3083  1158 infeasible   18      3508.85418 8555.69692   144%   105   70s
  3487  1134 5261.94902   28  202 3508.85418 7331.75512   109%   106   75s
  4108  1076 infeasible   17      3508.85418 6602.70086  88.2%   104   80s
  4670   998 infeasible   25      3508.85418 6026.05969  71.7%   103   85s
  5385   856 4115.78393   28  154 3508.85418 5465.11697  55.8%   101   91s
  6237   856 infeasible   24      3508.85418 5140.39494  46.5%  96.1   95s
  6834   966 3617.12827   20   85 3508.85418 4861.99572  38.6%  95.6  100s
  7843  1067 infeasible   34      3508.85418 4531.80462  29.2%  92.4  105s
  8236  1172 infeasible   28      3508.85418 4415.33533  25.8%  92.1  111s
  9215  1243 3913.74160   35  104 3508.85418 4218.97303  20.2%  88.4  115s
 10797  1368 infeasible   39      3508.85418 3976.57218  13.3%  82.6  121s
 12383  1824 infeasible  101      3508.85418 3909.45538  11.4%  77.3  126s
 13354  2262 3516.19796   47   35 3508.85418 3831.20908  9.19%  75.1  130s
 15489  2341 3629.81264   34   58 3508.85418 3777.77552  7.66%  69.7  136s
 16452  2784 3649.38755   41  100 3508.85418 3744.03232  6.70%  68.4  144s
 18670  2764 infeasible   36      3508.85418 3718.52205  5.98%  63.9  146s
 20326  3023 3605.60280   60   51 3508.85418 3688.67296  5.12%  61.7  150s
 20987  3244 3595.64784   43   67 3508.85418 3680.19924  4.88%  61.3  155s
 24014  3495 infeasible   72      3508.85418 3646.37404  3.92%  57.8  163s
 24308  3788 infeasible   47      3508.85418 3646.37404  3.92%  57.8  165s
 25999  3890 infeasible   47      3508.85418 3635.23659  3.60%  56.3  170s
 28804  3973 infeasible   70      3508.85418 3614.95895  3.02%  54.0  175s
 30544  4166 infeasible   47      3508.85418 3608.87291  2.85%  52.7  181s
 31107  4381 3514.10229   37   26 3508.85418 3607.03562  2.80%  52.7  186s
 34701  4213 infeasible   60      3508.85418 3592.76746  2.39%  50.7  191s
 35346  4038 infeasible   66      3508.85418 3588.03190  2.26%  50.8  195s
 36171  3881 infeasible   71      3508.85418 3583.75839  2.13%  50.8  200s
 38404  3569 infeasible   44      3508.85418 3570.50871  1.76%  50.4  206s
 40204  3481 3555.04722   35   36 3508.85418 3561.96306  1.51%  49.8  210s
 42230  3299 infeasible   39      3508.85418 3551.19057  1.21%  49.5  216s
 43905  3198 3512.48377   67   21 3508.85418 3545.89627  1.06%  48.9  221s
 45837  3242 infeasible   41      3508.85418 3539.79717  0.88%  48.3  227s
 47115  3125 3516.13774   60   34 3508.85418 3537.04368  0.80%  47.7  231s
 49149  2931 infeasible   63      3508.85418 3531.20376  0.64%  47.2  236s
 51178  2680 infeasible   63      3508.85418 3527.80447  0.54%  46.5  240s
 52342  2445 3518.16091   54   25 3508.85418 3525.12383  0.46%  46.3  245s
 54907  2001 3514.28799   66   25 3508.85418 3521.27827  0.35%  45.6  252s
 56284  1676 infeasible   73      3508.85418 3519.23518  0.30%  45.3  256s
 57731  1210 infeasible   61      3508.85418 3516.91702  0.23%  45.0  260s
 58471  1084 infeasible   69      3508.85418 3516.07491  0.21%  44.8  267s
 58664   958 infeasible   74      3508.85418 3515.83399  0.20%  44.8  270s
 59312   635 3513.38921   54   14 3508.85418 3515.31379  0.18%  44.6  276s
 60469    73 infeasible   82      3508.85418 3511.87525  0.09%  44.3  282s

Cutting planes:
  Gomory: 11
  Cover: 329
  Implied bound: 140
  Projected implied bound: 514
  Clique: 90
  MIR: 500
  StrongCG: 1
  Flow cover: 543
  Inf proof: 23
  RLT: 196
  Relax-and-lift: 466
  BQP: 54
  PSD: 1

Explored 61383 nodes (2717043 simplex iterations) in 282.76 seconds (192.83 work units)
Thread count was 8 (of 12 available processors)

Solution count 7: 3508.85 3508.85 3508.64 ... 3508.16

Optimal solution found (tolerance 1.00e-04)
Best objective 3.508854177295e+03, best bound 3.508854177295e+03, gap 0.0000%

