Solver command line: []

Read LP format model from file /var/folders/2j/t8d8dcsn1tg5sc8l4kz4_4ch0000gn/T/tmp5o6ra5ax.pyomo.lp
Reading time = 0.02 seconds
x1: 1384 rows, 924 columns, 33944 nonzeros
Set parameter Threads to value 8
Set parameter NonConvex to value 2
Gurobi Optimizer version 12.0.1 build v12.0.1rc0 (mac64[x86] - Darwin 24.5.0 24F74)

CPU model: Intel(R) Core(TM) i7-9750H CPU @ 2.60GHz
Thread count: 6 physical cores, 12 logical processors, using up to 8 threads

Non-default parameters:
NonConvex  2
Threads  8

Optimize a model with 1384 rows, 924 columns and 33944 nonzeros
Model fingerprint: 0x6ef3d1df
Model has 3 quadratic constraints
Variable types: 474 continuous, 450 integer (450 binary)
Coefficient statistics:
  Matrix range     [3e-07, 1e+03]
  QMatrix range    [1e+00, 1e+00]
  Objective range  [4e-02, 9e-01]
  Bounds range     [1e+00, 1e+00]
  RHS range        [3e-03, 5e+03]
  QRHS range       [1e+04, 1e+04]
Presolve removed 141 rows and 113 columns
Presolve time: 0.22s
Presolved: 1246 rows, 814 columns, 29055 nonzeros
Presolved model has 2 bilinear constraint(s)

Solving non-convex MIQCP

Variable types: 413 continuous, 401 integer (401 binary)

Root relaxation: objective 3.075902e+04, 1304 iterations, 0.04 seconds (0.06 work units)

    Nodes    |    Current Node    |     Objective Bounds      |     Work
 Expl Unexpl |  Obj  Depth IntInf | Incumbent    BestBd   Gap | It/Node Time

     0     0 30759.0228    0  110          - 30759.0228      -     -    0s
     0     0 24679.3922    0  179          - 24679.3922      -     -    0s
     0     0 24644.2998    0  176          - 24644.2998      -     -    0s
     0     0 19916.1731    0  267          - 19916.1731      -     -    1s
     0     0 19410.0265    0  288          - 19410.0265      -     -    1s
H    0     0                    3508.1637475 15623.1966   345%     -    2s
     0     0 15623.1966    0  266 3508.16375 15623.1966   345%     -    2s
     0     0 15367.9569    0  276 3508.16375 15367.9569   338%     -    2s
     0     0 15367.9298    0  275 3508.16375 15367.9298   338%     -    2s
     0     0 14654.9043    0  285 3508.16375 14654.9043   318%     -    3s
     0     0 14654.8982    0  284 3508.16375 14654.8982   318%     -    3s
H    0     0                    3508.1637489 14653.3249   318%     -    3s
     0     0 14465.1433    0  281 3508.16375 14465.1433   312%     -    3s
     0     0 14373.1271    0  283 3508.16375 14373.1271   310%     -    3s
     0     0 14338.6009    0  287 3508.16375 14338.6009   309%     -    3s
     0     0 14296.2935    0  285 3508.16375 14296.2935   308%     -    4s
     0     0 14292.5573    0  290 3508.16375 14292.5573   307%     -    6s
     0     2 14291.9950    0  290 3508.16375 14291.9950   307%     -    6s
H   76    69                    3508.1637496 12204.9530   248%   420    8s
H  172   121                    3508.5877849 12055.1236   244%   269    8s
   262   162 7905.47767   19  203 3508.58778 11570.0822   230%   238   10s
H  436   276                    3508.6375685 10748.8527   206%   185   11s
H  841   440                    3508.8452964 10748.8527   206%   119   12s
H  997   523                    3508.8541773 10184.1631   190%   112   13s
  1292   689 5648.26460   10  140 3508.85418 9850.23230   181%   100   15s
  2443  1130 5326.22399   40  290 3508.85418 9003.35640   157%  82.4   21s
  2447  1133 3895.67632   31  256 3508.85418 9003.35640   157%  82.2   26s
  2450  1135 3616.68151   36  291 3508.85418 9003.35640   157%  82.1   31s
  2454  1137 5592.23326   29  296 3508.85418 9003.35640   157%  82.0   35s
  2460  1141 7214.73333   18  294 3508.85418 9003.35640   157%  81.8   40s
  2466  1145 3620.37749   27  297 3508.85418 9003.35640   157%  81.6   45s
  2491  1173 9003.35640   15  247 3508.85418 9003.35640   157%  94.0   51s
  2561  1184 infeasible   19      3508.85418 9003.35640   157%  97.2   55s
  2695  1188 3838.93939   27  103 3508.85418 9003.35640   157%   101   60s
  2877  1182 infeasible   30      3508.85418 9003.35640   157%   103   65s
  3172  1174 7614.38247   22  226 3508.85418 8066.31266   130%   107   70s
  3765  1138 5510.37932   19  160 3508.85418 7238.74435   106%   104   75s
  4369  1053 infeasible   22      3508.85418 6569.00569  87.2%   103   80s
  4939   986 4544.06492   19  132 3508.85418 5847.09222  66.6%   102   85s
  5385   856 4115.78393   28  154 3508.85418 5465.11697  55.8%   101   90s
  6288   851 4141.36023   29  150 3508.85418 5067.89220  44.4%  97.1   95s
  7003   947 infeasible   64      3508.85418 4808.76926  37.0%  95.0  100s
  7974  1058 3690.82227   33   89 3508.85418 4531.80462  29.2%  92.7  106s
  8868  1125 infeasible   36      3508.85418 4341.13295  23.7%  88.6  111s
  9809  1228 3945.02893   38  132 3508.85418 4162.13096  18.6%  85.9  116s
 10797  1368 infeasible   39      3508.85418 3976.57218  13.3%  82.6  121s
 11245  1748 3560.90395   43   35 3508.85418 3930.87741  12.0%  82.0  126s
 13033  1862 3795.93421   35   98 3508.85418 3834.53133  9.28%  75.6  130s
 14871  2278 infeasible   43      3508.85418 3789.95816  8.01%  70.3  137s
 15489  2341 3629.81264   34   58 3508.85418 3777.77552  7.66%  69.7  140s
 16452  2784 3649.38755   41  100 3508.85418 3744.03232  6.70%  68.4  146s
 18874  3064 3603.66188   42   58 3508.85418 3716.81843  5.93%  64.0  150s
 20987  3244 3595.64784   43   67 3508.85418 3680.19924  4.88%  61.3  156s
 22567  3541 3539.07919   54   38 3508.85418 3661.38328  4.35%  59.6  161s
 24308  3788 infeasible   47      3508.85418 3646.37404  3.92%  57.8  165s
 25999  3890 infeasible   47      3508.85418 3635.23659  3.60%  56.3  170s
 28804  3973 infeasible   70      3508.85418 3614.95895  3.02%  54.0  175s
 30544  4166 infeasible   47      3508.85418 3608.87291  2.85%  52.7  180s
 31107  4381 3514.10229   37   26 3508.85418 3607.03562  2.80%  52.7  187s
 34701  4213 infeasible   60      3508.85418 3592.76746  2.39%  50.7  192s
 35346  4038 infeasible   66      3508.85418 3588.03190  2.26%  50.8  196s
 35761  3951 3520.72780   57   24 3508.85418 3586.31373  2.21%  50.8  200s
 37365  3703 3542.20625   39   32 3508.85418 3576.25782  1.92%  50.4  207s
 37906  3673 3539.89398   60   31 3508.85418 3572.89491  1.83%  50.5  210s
 38866  3618 infeasible   38      3508.85418 3566.98420  1.66%  50.4  219s
 40204  3481 3555.04722   35   36 3508.85418 3561.96306  1.51%  49.8  222s
 40832  3357 infeasible   56      3508.85418 3557.55579  1.39%  49.8  225s
 42230  3299 infeasible   39      3508.85418 3551.19057  1.21%  49.5  233s
 43244  3269 infeasible   54      3508.85418 3548.05701  1.12%  49.1  236s
 43905  3198 3512.48377   67   21 3508.85418 3545.89627  1.06%  48.9  242s
 45193  3163 infeasible   73      3508.85418 3541.26130  0.92%  48.4  247s
 45837  3242 infeasible   41      3508.85418 3539.79717  0.88%  48.3  253s
 47115  3125 3516.13774   60   34 3508.85418 3537.04368  0.80%  47.7  259s
 48104  3000 3519.87531   55   23 3508.85418 3534.50977  0.73%  47.5  263s
 49149  2931 infeasible   63      3508.85418 3531.20376  0.64%  47.2  268s
 50617  2825 infeasible   50      3508.85418 3528.64677  0.56%  46.7  271s
 51790  2595 infeasible   64      3508.85418 3526.38443  0.50%  46.4  278s
 52342  2445 3518.16091   54   25 3508.85418 3525.12383  0.46%  46.3  281s
 53749  2224 infeasible   76      3508.85418 3522.89780  0.40%  45.9  290s
 55630  1869 3518.91410   46   21 3508.85418 3519.85293  0.31%  45.4  299s
 56284  1676 infeasible   73      3508.85418 3519.23518  0.30%  45.3  303s
 57005  1385 infeasible   69      3508.85418 3518.28847  0.27%  45.1  307s
 57731  1210 infeasible   61      3508.85418 3516.91702  0.23%  45.0  310s
 58406  1189 3512.45696   68   20 3508.85418 3516.07491  0.21%  44.8  315s
 58664   958 infeasible   74      3508.85418 3515.83399  0.20%  44.8  322s
 58974   825 infeasible   50      3508.85418 3515.46749  0.19%  44.7  326s
 59873   436 3512.92927   55   12 3508.85418 3514.81363  0.17%  44.5  333s
 60469    73 infeasible   82      3508.85418 3511.87525  0.09%  44.3  338s

Cutting planes:
  Gomory: 11
  Cover: 329
  Implied bound: 140
  Projected implied bound: 514
  Clique: 90
  MIR: 500
  StrongCG: 1
  Flow cover: 543
  Inf proof: 23
  RLT: 196
  Relax-and-lift: 466
  BQP: 54
  PSD: 1

Explored 61383 nodes (2717043 simplex iterations) in 339.07 seconds (192.83 work units)
Thread count was 8 (of 12 available processors)

Solution count 7: 3508.85 3508.85 3508.64 ... 3508.16

Optimal solution found (tolerance 1.00e-04)
Best objective 3.508854177295e+03, best bound 3.508854177295e+03, gap 0.0000%

