Solver command line: []

Read LP format model from file /var/folders/2j/t8d8dcsn1tg5sc8l4kz4_4ch0000gn/T/tmpvo4f9azp.pyomo.lp
Reading time = 0.06 seconds
x1: 5332 rows, 3556 columns, 89533 nonzeros
Set parameter Threads to value 8
Set parameter NonConvex to value 2
Gurobi Optimizer version 12.0.1 build v12.0.1rc0 (mac64[x86] - Darwin 24.5.0 24F74)

CPU model: Intel(R) Core(TM) i7-9750H CPU @ 2.60GHz
Thread count: 6 physical cores, 12 logical processors, using up to 8 threads

Non-default parameters:
NonConvex  2
Threads  8

Optimize a model with 5332 rows, 3556 columns and 89533 nonzeros
Model fingerprint: 0xaa361ade
Model has 7 quadratic constraints
Variable types: 1806 continuous, 1750 integer (1750 binary)
Coefficient statistics:
  Matrix range     [3e-07, 1e+03]
  QMatrix range    [1e+00, 1e+00]
  Objective range  [4e-03, 4e-01]
  Bounds range     [1e+00, 1e+00]
  RHS range        [5e-04, 5e+03]
  QRHS range       [1e+04, 1e+04]
Presolve removed 197 rows and 137 columns
Presolve time: 0.70s
Presolved: 5138 rows, 3422 columns, 87421 nonzeros
Presolved model has 2 bilinear constraint(s)

Solving non-convex MIQCP

Variable types: 1719 continuous, 1703 integer (1703 binary)

Root relaxation: objective 6.040516e+04, 2584 iterations, 0.09 seconds (0.06 work units)

    Nodes    |    Current Node    |     Objective Bounds      |     Work
 Expl Unexpl |  Obj  Depth IntInf | Incumbent    BestBd   Gap | It/Node Time

     0     0 60405.1632    0  179          - 60405.1632      -     -    1s
     0     0 31896.1161    0  436          - 31896.1161      -     -    4s
     0     0 31322.0112    0  418          - 31322.0112      -     -    4s
     0     0 26425.2848    0  561          - 26425.2848      -     -    8s
     0     0 26192.4468    0  501          - 26192.4468      -     -    8s
     0     0 26192.4468    0  500          - 26192.4468      -     -    8s
     0     0 22789.0863    0  648          - 22789.0863      -     -   13s
     0     0 22789.0862    0  645          - 22789.0862      -     -   13s
     0     0 22515.3834    0  697          - 22515.3834      -     -   15s
     0     0 21198.4560    0  791          - 21198.4560      -     -   18s
     0     0 21101.5829    0  832          - 21101.5829      -     -   20s
     0     0 21082.4569    0  883          - 21082.4569      -     -   21s
     0     0 21069.1492    0  895          - 21069.1492      -     -   23s
     0     0 20894.7776    0  876          - 20894.7776      -     -   24s
     0     0 20870.7344    0  893          - 20870.7344      -     -   26s
     0     0 20804.8925    0  874          - 20804.8925      -     -   28s
     0     0 20790.2567    0  899          - 20790.2567      -     -   29s
     0     0 20754.7993    0  896          - 20754.7993      -     -   31s
     0     0 20754.2286    0  890          - 20754.2286      -     -   37s
     0     2 20752.6038    0  887          - 20752.6038      -     -   40s
     3     8 16461.9319    2  852          - 20005.3349      -  5939   45s
    15    24 15441.5980    4  860          - 18322.8017      -  4262   51s
    63    80 14099.6151    8  853          - 18322.8017      -  1787   57s
   141   161 13442.5155   13  844          - 18322.8017      -   964   60s
   336   355 8376.37355   25  820          - 18322.8017      -   570   65s
   530   556 7095.02914   39  802          - 18322.8017      -   468   70s
   690   728 6663.17312   49  780          - 18322.8017      -   430   75s
   924   952 5865.44848   65  758          - 18322.8017      -   386   81s
  1086  1112 5480.59024   76  727          - 18322.8017      -   370   86s
  1282  1276 5026.50100   88  752          - 18322.8017      -   350   91s
  1527  1453 4478.79887  111  629          - 18322.8017      -   333   97s
  1572  1477 infeasible  120               - 18322.8017      -   332  100s
  1663  1545 infeasible  122               - 17224.8274      -   332  105s
  1777  1647 12536.8514    8  824          - 17224.8274      -   333  110s
  1903  1736 9106.01523   13  817          - 17224.8274      -   330  115s
  2041  1808 10979.1862    9  890          - 17106.8729      -   329  120s
  2044  1810 10783.6774   15  545          - 17106.8729      -   328  133s
  2045  1811 13930.5754   12  713          - 17106.8729      -   328  136s
  2047  1812 6477.04070   62  897          - 17106.8729      -   328  142s
  2048  1813 4642.32736   90  928          - 17106.8729      -   328  147s
  2049  1813 5292.24009   76  940          - 17106.8729      -   328  150s
  2050  1814 7228.92254   44  950          - 17106.8729      -   327  155s
  2052  1815 4731.37038   99  982          - 17106.8729      -   327  164s
  2053  1816 5700.23628   56  986          - 17106.8729      -   327  169s
  2054  1817 7013.60762   54  987          - 17106.8729      -   327  173s
  2055  1817 4669.41105   95  995          - 17106.8729      -   327  178s
  2056  1818 15666.2064   14  988          - 17106.8729      -   326  182s
  2057  1819 6835.28498   52 1007          - 17106.8729      -   326  185s
  2058  1819 8094.85493   38  999          - 17106.8729      -   326  191s
  2060  1821 5042.39088   85 1016          - 17106.8729      -   326  199s
  2061  1821 4547.24112   99 1022          - 17106.8729      -   326  202s
  2062  1822 4644.41103   97 1010          - 17106.8729      -   326  207s
  2063  1823 7064.34264   26 1013          - 17106.8729      -   325  211s
  2064  1823 7061.90792   26 1015          - 17106.8729      -   325  217s
  2065  1824 6243.19976   45 1028          - 17106.8729      -   325  221s
  2066  1825 4543.81817  104 1014          - 17106.8729      -   325  227s
  2067  1825 11146.8355   22 1019          - 17106.8729      -   325  230s
  2068  1826 5028.32578   82 1043          - 17106.8729      -   325  235s
  2070  1827 4418.13767  114 1034          - 17106.8729      -   324  243s
  2071  1828 5166.36243   82 1039          - 17106.8729      -   324  246s
  2072  1829 4761.86428   87 1030          - 17106.8729      -   324  254s
  2073  1829 7207.41302   42 1026          - 17106.8729      -   324  259s
  2074  1830 6583.74399   37 1018          - 17106.8729      -   324  268s
  2075  1831 4537.64629  103 1018          - 17069.9061      -   323  273s
  2076  1831 5057.22743   83 1002          - 16968.7774      -   323  278s
  2077  1832 8109.87944   28 1022          - 16920.0364      -   323  281s
  2078  1833 4633.81299  108 1012          - 16900.4367      -   323  286s
  2080  1834 4917.25134   66 1035          - 16870.1080      -   323  295s
  2082  1835 12216.3832   20 1043          - 16814.7279      -   322  303s
  2083  1836 5612.98334   76 1045          - 16795.1824      -   322  305s
  2084  1837 5498.01328   78 1046          - 16713.7259      -   322  311s
  2086  1838 9003.56973   14 1038          - 16655.2073      -   322  319s
  2087  1839 4588.59406  118 1041          - 16650.4844      -   322  322s
  2088  1839 5329.58648   60 1049          - 16605.4722      -   321  327s
  2089  1840 9768.51986   18 1046          - 16594.8284      -   321  333s
  2090  1841 6111.47322   61 1045          - 16589.8589      -   321  339s
  2091  1841 4547.24112   97 1051          - 16585.7381      -   321  342s
  2092  1842 7270.12562   32 1043          - 16575.1699      -   321  347s
  2093  1843 5664.12258   56 1054          - 16567.5291      -   321  350s
  2094  1843 4633.81299  108 1040          - 16543.5260      -   321  355s
  2096  1845 6060.30897   62 1045          - 16520.4744      -   320  364s
  2097  1845 14104.8964   16 1034          - 16509.0038      -   320  369s
  2098  1846 15646.0350    4 1028          - 16484.0314      -   320  379s
  2099  1847 5124.62304   83 1050          - 16480.0034      -   320  382s
  2100  1847 9663.52520   27 1047          - 16473.6282      -   320  386s
  2102  1849 4614.51450   91 1051          - 16454.4160      -   319  396s
  2104  1850 9982.65044   14 1043          - 16439.2568      -   319  404s
  2105  1851 4418.05035  114 1041          - 16435.1847      -   319  407s
  2106  1851 4768.86043   69 1043          - 16428.0435      -   319  411s
  2108  1853 5175.98505   79 1055          - 16418.6156      -   318  418s
  2109  1853 6952.57004   49 1060          - 16416.1479      -   318  421s
  2110  1854 8724.52886   19 1052          - 16412.9172      -   318  427s
  2112  1855 6326.23851   59 1063          - 16397.7772      -   318  436s
  2114  1857 6031.36926   27 1066          - 16393.5271      -   318  444s
  2115  1857 5071.99038   79 1073          - 16390.3903      -   317  447s
  2116  1858 6396.61741   65 1063          - 16382.6119      -   317  452s
  2118  1859 5071.99038   79 1061          - 16362.7873      -   317  459s
  2119  1860 5063.13834   84 1064          - 16359.2421      -   317  461s
  2120  1861 5940.55183   64 1070          - 16345.0863      -   317  468s
  2121  1861 6153.62035   71 1075          - 16341.8150      -   316  471s
  2122  1862 7099.05005   25 1073          - 16339.6630      -   316  476s
  2124  1863 14848.7363   14 1075          - 16328.3077      -   316  483s
  2125  1864 4611.99972   96 1072          - 16320.5662      -   316  486s
  2126  1865 6778.65909   22 1080          - 16313.7743      -   316  492s
  2128  1866 5441.53108   79 1077          - 16311.9836      -   315  499s
  2129  1867 6971.44045   46 1074          - 16307.5245      -   315  504s
  2130  1867 4646.98831   89 1060          - 16272.6286      -   315  509s
  2131  1868 7280.23191   29 1069          - 16269.3704      -   315  511s
  2132  1869 10364.2509   17 1064          - 16237.8305      -   315  518s
  2133  1869 11810.5800    8 1073          - 16230.2417      -   315  520s
  2134  1870 5237.25290   76 1072          - 16213.9391      -   315  526s
  2135  1871 5848.38394   66 1074          - 16208.0657      -   314  532s
  2136  1871 6440.67861   64 1084          - 16185.1046      -   314  537s
  2137  1872 6402.39006   63 1079          - 16175.2605      -   314  541s
  2138  1873 5245.78752   58 1086          - 16130.0170      -   314  549s
  2139  1873 5498.01328   78 1087          - 16122.4185      -   314  552s
  2140  1874 4911.95846   90 1083          - 16092.9607      -   314  558s
  2141  1875 10979.1862    9 1082          - 16023.9331      -   314  561s
  2142  1875 6553.83452   24 1077          - 16003.0953      -   313  566s
  2143  1876 9126.25563   32 1082          - 15995.7182      -   313  574s
  2144  1877 10783.6774   15 1080          - 15992.5368      -   313  580s
  2146  1878 6445.87143   57 1076          - 15988.8690      -   313  587s
  2148  1879 4642.32736   90 1093          - 15974.3617      -   312  591s
  2150  1881 7228.92254   44 1099          - 15970.8136      -   312  595s
  2154  1883 7013.60762   54 1098          - 15969.6725      -   312  609s
  2155  1886 13371.3698   12 1075          - 15969.6725      -   570  616s
  2156  1889 13231.8445   13 1068          - 15969.6725      -   571  622s
  2159  1893 11328.2683   14 1062          - 14439.3597      -   580  635s
  2164  1899 11203.9503   15 1064          - 13231.8445      -   595  641s
  2172  1909 9620.94052   16 1042          - 13231.8445      -   599  658s
  2185  1930 8299.40562   17 1032          - 13231.8445      -   632  673s
  2210  1959 8945.84873   18 1043          - 13231.8445      -   635  679s
  2247  1973 7631.36771   21 1027          - 13231.8445      -   637  682s
  2274  1989 7211.42592   22 1019          - 13231.8445      -   637  685s
  2319  2017 6535.02835   24 1009          - 13231.8445      -   636  691s
  2361  2044 6075.48241   27  977          - 13231.8445      -   634  695s
  2405  2073 5827.66101   29  962          - 13231.8445      -   632  700s
  2451  2091 5518.70592   32  958          - 13231.8445      -   631  707s
  2462  2118 5234.49273   32  957          - 13231.8445      -   630  710s
  2526  2155 5297.99331   36  958          - 13231.8445      -   625  716s
  2590  2196 5115.85495   40  952          - 13231.8445      -   621  724s
  2629  2213 4846.22831   42  931          - 13231.8445      -   618  726s
  2659  2237 5014.92571   44  944          - 13231.8445      -   617  730s
  2728  2284 4892.46242   46  931          - 13231.8445      -   614  737s
  2771  2311 4724.48975   48  915          - 13231.8445      -   611  741s
  2862  2375 4729.58946   52  928          - 13231.8445      -   605  748s
  2911  2405 4715.10040   54  918          - 13231.8445      -   603  751s
  2961  2403 4633.02126   56  912          - 13231.8445      -   600  757s
  2976  2455 4611.25918   57  909          - 13231.8445      -   599  762s
  3037  2491 4585.57294   59  902          - 13231.8445      -   594  766s
  3093  2525 4554.38154   62  881          - 13231.8445      -   592  771s
  3160  2560 4425.29931   67  872          - 13231.8445      -   588  778s
  3235  2585 4417.06552   71  864          - 13231.8445      -   582  785s
  3299  2638 4198.21210   76  843          - 13231.8445      -   576  795s
  3389  2642 4129.93892   82  842          - 13231.8445      -   570  802s
  3437  2662 4020.60933   86  841          - 13231.8445      -   568  812s
  3493  2688 3930.78161   90  832          - 13231.8445      -   565  819s
  3560  2709 3883.12303   96  797          - 13231.8445      -   561  827s
  3627  2694 3615.99718  102  785          - 13231.8445      -   557  835s
  3665  2745 3703.70591  104  761          - 13231.8445      -   555  845s
  3742  2748 infeasible  112               - 12341.9907      -   552  857s
  3801  2783 infeasible  113               - 12341.9907      -   551  863s
  3874  2818 infeasible  114               - 12341.9907      -   549  872s
  3955  2885 3599.66820  117  720          - 11734.9464      -   546  884s
  4057  2934 3572.46318  126  737          - 11734.9464      -   543  893s
  4154  2952 infeasible  129               - 11734.9464      -   539  904s
  4210  3020 3572.39536  127  742          - 11734.9464      -   538  915s
  4309  3051 3562.69469  135  739          - 11734.9464      -   535  925s
  4407  3116 9998.13991   16 1037          - 11734.9464      -   532  939s
  4519  3156 7744.95469   22 1003          - 11734.9464      -   530  956s
  4608  3228 6692.57444   30  971          - 11328.2683      -   530  971s
  4720  3309 5869.01973   33  978          - 11328.2683      -   529  988s
  4848  3323 5223.39280   36  960          - 11328.2683      -   527 1004s
  4917  3411 4995.63191   37  950          - 11328.2683      -   525 1022s
  5060  3486 4666.54510   40  932          - 11328.2683      -   520 1037s
  5208  3642 4511.42595   49  912          - 11328.2683      -   516 1060s
  5434  3793 4328.85699   56  887          - 11328.2683      -   510 1077s
  5684  3937 infeasible   60               - 11328.2683      -   502 1095s
  5985  3977 3960.65331   73  844          - 11301.0013      -   491 1114s
  6168  4017 3899.74131   79  826          - 11301.0013      -   487 1130s
  6331  4035 infeasible   87               - 11301.0013      -   483 1149s
  6445  4135 infeasible   91               - 11301.0013      -   481 1171s
  6619  4281 infeasible   90               - 11301.0013      -   478 1194s
  6859  4382 3573.85893   91  808          - 11301.0013      -   476 1217s
  7074  4433 infeasible   96               - 11301.0013      -   474 1245s
  7263  4598 infeasible   95               - 11301.0013      -   471 1268s
  7529  4597 6472.60377   21  987          - 10762.8197      -   470 1293s
  7646  4776 5438.61339   24  954          - 10762.8197      -   469 1316s
  7888  4986 4947.95507   38  944          - 10684.7514      -   467 1341s
  8191  5208 4220.60413   49  882          - 10684.7514      -   465 1374s
  8465  5385 3775.22119   66  851          - 10684.7514      -   462 1400s
  8692  5543 3677.97370   77  788          - 10600.3431      -   462 1428s
  8942  5835 3565.02675   88  780          - 10285.1018      -   460 1456s
  9262  6172 3531.55615  105  751          - 10268.4079      -   460 1486s
  9635  6410 infeasible  112               - 10268.4079      -   459 1518s
  9903  6565 infeasible  112               - 10268.4079      -   459 1555s
 10074  6904 3483.03782  124  711          - 10268.4079      -   458 1592s
 10501  7107 infeasible  150               - 10231.7518      -   454 1622s
 10790  7386 6754.49570   21  975          - 10231.7518      -   453 1657s
 11161  7751 3818.74049   47  882          - 10220.1662      -   452 1696s
 11646  7949 3457.76236   80  785          - 10220.1662      -   448 1740s
 11950  8099 infeasible   88               - 10220.1662      -   445 1778s
 12218  8398 5290.66903   33  942          - 10139.7213      -   444 1817s
 12571  8595 infeasible   52               - 10125.7763      -   443 1870s
 12870  8843 3555.14119   78  791          - 10009.2326      -   443 1930s
 13212  9045 infeasible   96               - 10009.2326      -   441 1978s
 13496  9391 3463.75535  107  750          - 9905.30325      -   442 2024s
 13914  9688 5983.15214   25  975          - 9905.30325      -   443 2074s
 14275 10082 5063.97347   35  932          - 9863.42585      -   442 2123s
 14737 10562 infeasible   45               - 9863.42585      -   442 2172s
 15405 10842 3778.32727   64  840          - 9733.81929      -   439 2228s
 15785 11422 3694.78034   71  759          - 9659.55013      -   440 2276s
 16535 11731 3573.00628   92  753          - 9659.55013      -   437 2324s
 16886 12250 3568.05433  100  776          - 9654.37653      -   437 2374s
 17531 12912 infeasible  114               - 9643.78387      -   435 2424s
 18305 13503 3507.86544  134  699          - 9625.76775      -   434 2481s
 19066 13856 infeasible  146               - 9625.69087      -   431 2540s
 19511 14466 4886.91898   34  949          - 9561.66150      -   434 2608s
 20187 15012 3835.06169   65  841          - 9560.97575      -   433 2677s
 20923 15426 infeasible   89               - 9491.69453      -   429 2746s
 21527 16062 4716.66723   41  949          - 9491.69453      -   428 2823s
 22345 16542 3603.80232   81  821          - 9418.02117      -   426 2893s
 23093 17252 infeasible   85               - 9383.34458      -   425 2957s
 23953 17646 infeasible  124               - 9383.34458      -   424 3028s
 24453 18475 6050.20147   28  982          - 9270.58174      -   424 3108s
 25420 19164 3919.87214   53  873          - 9260.57401      -   424 3179s
 26303 19947 3581.84539   82  780          - 9243.57349      -   422 3240s
 27244 20544 3458.40311  125  725          - 9238.23918      -   421 3312s
 28101 21492 5215.80239   34  976          - 9238.23918      -   418 3372s
 29231 22223 3595.85687   83  810          - 9193.46870      -   416 3728s
 30142 22609 6991.23214   24  990          - 9135.80398      -   415 3797s
 30672 23193 3808.19322   54  890          - 9135.80398      -   416 3887s
 31400 23890 4074.18514   49  901          - 9135.80398      -   416 3979s
 32241 24540 4473.54453   34  962          - 9135.80398      -   416 4073s
 33091 25225 3560.74591   86  748          - 8990.45327      -   416 4148s
 33970 25473 3581.85518   70  741          - 8987.53226      -   415 4225s
 34362 26316 8238.63302   22 1017          - 8987.53226      -   417 4305s
 35377 27229 3498.36682  109  748          - 8909.17001      -   415 4379s
 36484 28199 3902.21073   49  878          - 8859.03034      -   415 4452s
 37714 28785 3608.11810   85  803          - 8859.03034      -   412 4532s
 38530 29275 5102.00911   38  958          - 8859.03034      -   411 4617s
 39220 30050 3531.51585   80  818          - 8817.11724      -   411 4693s
 40217 30497 4264.55501   57  888          - 8806.36763      -   410 4761s
 40760 31195 3600.44289   89  788          - 8787.32757      -   411 4853s
 41598 31996 4475.51924   43  900          - 8736.54210      -   411 4939s
 42657 32746 4664.19371   47  918          - 8717.79188      -   409 5026s
 43593 33504 4791.57505   40  934          - 8710.27102      -   408 5105s
 44567 34182 infeasible   91               - 8701.29350      -   406 5193s
 45465 34652 3658.73362   69  822          - 8698.10688      -   405 5275s
 46073 35179 4778.34253   43  898          - 8698.10688      -   405 5362s
 46834 35771 3463.93014   89  769          - 8698.10688      -   405 5458s
 47596 36532 4624.67886   41  922          - 8645.62272      -   405 5560s
 48595 37111 3694.88613   71  834          - 8637.86068      -   404 5647s
 49388 37934 4541.92259   43  898          - 8595.42914      -   403 5724s
 50471 38550 3530.49932   87  733          - 8590.83008      -   402 5799s
 51297 39329 5867.14676   28  963          - 8566.20117      -   402 5880s
 52190 39938 3629.46963   92  760          - 8566.20117      -   401 5969s
 53057 40781 6260.80377   24  982          - 8539.99493      -   401 6055s
 54144 41498 3591.43001   79  776          - 8511.18300      -   400 6128s
 54995 41818 infeasible  133               - 8479.52280      -   399 6201s
 55451 42361 infeasible  144               - 8467.13314      -   400 6285s
 56184 42978 4882.60445   44  922          - 8457.21924      -   399 6355s
 56973 43534 4756.58040   43  917          - 8439.90367      -   400 6440s
 57683 43832 3645.48318   84  814          - 8439.81608      -   399 6528s
 58273 44302 3041.13469   97  779          - 8428.44271      -   399 6609s
 58937 44997 6346.05296   23  989          - 8428.44271      -   399 6678s
 59878 45228 3632.67530   87  806          - 8398.95321      -   398 6747s
 60217 47066 6922.77154   24  999          - 8378.39452      -   399 6908s
 62497 47807 7035.55386   22 1003          - 8345.21269      -   398 6979s
 63486 48516 infeasible   65               - 8333.64529      -   397 7043s
 64393 49221 5997.24575   26  999          - 8333.64529      -   397 7104s
 65252 49667 3530.62969   68  824          - 8314.00230      -   396 7166s
 65830 49979 3204.63578  104  689          - 8314.00230      -   397 7234s
 66306 50595 -10107.352  119  663          - 8294.57947      -   396 7304s
 67133 51287 3905.10357   58  874          - 8294.57947      -   396 7369s
 68037 51937 5419.34810   34  956          - 8269.81376      -   396 7444s
 68929 52604 6485.39493   25  990          - 8269.80555      -   395 7505s
 69780 53287 3384.53325  111  707          - 8260.63159      -   395 7577s
 70695 53685 4382.73973   53  859          - 8260.63159      -   395 7647s
 71321 54230 4284.87671   45  887          - 8260.63159      -   395 7708s
 72100 54633 3492.28278   77  768          - 8260.63159      -   394 7780s
 72614 55109 3377.07317  108  707          - 8233.54901      -   395 7853s
 73276 55949 infeasible   57               - 8223.02796      -   395 7936s
 74282 56513 3519.79104  105  681          - 8213.38593      -   394 8012s
 75064 57276 infeasible   64               - 8212.09101      -   394 8079s
 75999 57880 3825.72632   63  847          - 8200.18688      -   393 8146s
 76849 58333 infeasible  102               - 8200.18688      -   393 8201s
 77462 58612 infeasible   50               - 8200.18688      -   393 8278s
 77899 59350 infeasible   69               - 8200.18688      -   392 8365s
 78899 59904 4208.58783   47  873          - 8183.39562      -   392 8431s
 79621 60543 4124.94268   51  882          - 8175.51491      -   392 8496s
 80492 61005 7169.05305   20 1012          - 8160.19077      -   391 8565s
 81172 61644 5658.53408   38  945          - 8157.45337      -   391 8633s
 82011 62485 4160.78279   49  874          - 8142.50635      -   391 8709s
 83084 63036 3357.81344  134  711          - 8140.81568      -   391 8788s
 83809 63350 infeasible   46               - 8121.44971      -   391 8857s
 84193 63942 4056.08804   57  874          - 8114.11651      -   390 8929s
 84993 64693 4642.86027   49  892          - 8104.82720      -   390 9003s
 86010 65112 3372.21728  108  728          - 8096.15448      -   389 9073s
 86687 65607 5577.06037   37  950          - 8086.41120      -   389 9139s
 87316 66369 4625.40168   46  903          - 8078.24255      -   390 9218s
 88302 66944 infeasible   47               - 8074.95821      -   390 9282s
 89107 67790 3548.96478   82  809          - 8044.62408      -   390 9362s
 90221 68430 3301.20979  140  630          - 8044.62408      -   389 9433s
 91095 68836 5022.09199   48  912          - 8030.68356      -   388 9504s
 91731 69463 6523.69709   36  967          - 8030.68356      -   388 9572s
 92615 70189 3515.25880   86  834          - 8019.41254      -   388 9639s
 93569 70758 infeasible   78               - 8014.80283      -   387 9711s
 94350 71335 3766.97888   73  804          - 8002.89121      -   387 9774s
 95175 71843 4378.42950   59  860          - 7994.89402      -   387 9842s
 95881 72470 3626.64105   76  808          - 7992.77209      -   387 9907s
 96730 73061 3805.01543   63  829          - 7983.28692      -   387 9972s
 97579 73767 6941.25979   26  997          - 7978.41848      -   387 10052s
 98473 74245 5585.63619   36  941          - 7978.41848      -   386 10116s
 99073 74841 3618.33437   79  822          - 7967.69103      -   386 10184s
 99881 75556 4094.70907   54  847          - 7954.46072      -   386 10248s
 100910 76061 infeasible   73               - 7952.07340      -   386 10321s
 101589 76603 4262.93561   56  872          - 7952.07340      -   386 10389s
 102343 77023 3464.96388   78  827          - 7952.07340      -   386 10461s
 102935 77601 infeasible   79               - 7934.26081      -   386 10530s
 103731 78434 3579.85209   81  801          - 7930.30997      -   386 10603s
 104860 79021 4566.86196   47  920          - 7930.30997      -   385 10671s
 105719 79711 7034.90698   28 1005          - 7910.40010      -   385 10735s
 106627 80157 infeasible   88               - 7910.28153      -   385 10795s
 107299 80945 infeasible   64               - 7906.65394      -   384 10861s
 108358 81398 3785.60267   59  845          - 7894.33810      -   384 10924s
 108961 82019 3896.15658   66  839          - 7894.33810      -   385 10985s
 109780 82571 4658.97600   52  894          - 7894.33810      -   384 11058s
 110530 82899 infeasible   96               - 7894.33810      -   384 11121s
 110968 83594 6864.20923   29 1002          - 7894.33810      -   384 11206s
 111831 83973 infeasible   76               - 7878.32846      -   384 11267s
 112356 84342 7249.28407   26 1011          - 7876.95590      -   385 11335s
 112885 84696 7497.56832   28 1024          - 7876.17343      -   385 11404s
 113431 85055 6728.09325   30  995          - 7875.51499      -   386 11484s
 113978 85520 infeasible   27               - 7867.52414      -   386 11578s
 114639 86088 3531.17253  105  762          - 7865.86687      -   386 11645s
 115439 86427 7086.68715   24 1006          - 7858.69948      -   386 11726s
 115924 86826 6138.05666   25  977          - 7858.69948      -   387 11801s
 116481 87240 3626.39201   72  834          - 7857.86925      -   387 11889s
 117103 87721 3610.80151   81  818          - 7851.55800      -   388 11973s
 117728 88179 6312.02730   35 1008          - 7846.10450      -   388 12060s
 118322 88846 3418.99473  129  701          - 7842.55983      -   388 12149s
 119230 89364 3818.34319   59  836          - 7841.10401      -   388 12229s
 119926 89707 7354.27881   29 1023          - 7839.34587      -   389 12300s
 120493 90511 3679.61015   77  821          - 7836.41797      -   389 12427s
 121677 91124 5392.30988   39  959          - 7832.08314      -   389 12506s
 122520 91584 5203.35086   42  936          - 7831.88399      -   389 12585s
 123190 92255 3655.81628   89  831          - 7821.78398      -   389 12684s
 124095 92480 infeasible  129               - 7821.78398      -   389 12762s
 124462 93077 5566.71236   39  961          - 7816.78231      -   389 12852s
 125271 93634 3770.20333   71  840          - 7813.43223      -   389 12937s
 126074 94290 infeasible   73               - 7805.79883      -   390 13023s
 126980 94814 4230.50570   54  883          - 7805.79883      -   389 13103s
 127802 95509 infeasible  112               - 7805.10909      -   390 13193s
 128731 96110 infeasible   37               - 7801.83090      -   389 13276s
 129718 96700 6155.48617   35  989          - 7797.23674      -   389 13371s
 130462 97315 infeasible   87               - 7796.28097      -   389 13464s
 131333 97918 infeasible   84               - 7790.45056      -   389 13557s
 132180 98431 4125.28280   53  878          - 7785.06425      -   390 13652s
 132799 99070 6914.57490   27 1014          - 7778.63017      -   390 13760s
 133750 99829 7574.23267   24 1038          - 7770.60381      -   390 13856s
 134779 100344 3784.17305   71  838          - 7769.62170      -   390 13944s
 135530 101022 3913.40515   63  863          - 7765.94253      -   390 14032s
 136438 101439 5526.62984   45  947          - 7763.75418      -   390 14119s
 137071 101890 5016.70491   43  940          - 7763.75418      -   391 14218s
 137714 102489 3808.40524   68  822          - 7759.55972      -   390 14334s
 138627 103061 infeasible   95               - 7755.63189      -   390 14430s
 139465 103740 5394.27682   45  966          - 7752.87216      -   390 14520s
 140374 104364 3792.67421   84  849          - 7749.99538      -   390 14614s
 141234 104949 7431.59377   28 1032          - 7742.34412      -   390 14705s
 142007 105469 infeasible   51               - 7736.11801      -   391 14805s
 142689 105826 3880.66569   71  878          - 7736.11801      -   391 14894s
 143176 106475 3459.44756  125  736          - 7733.51459      -   391 14977s
 144135 107109 4346.87587   50  855          - 7731.29108      -   391 15060s
 144989 107718 4257.45989   64  906          - 7731.29108      -   391 15147s
 145810 108156 5526.70134   43  936          - 7730.26870      -   391 15228s
 146494 108824 5765.51079   33  975          - 7723.52076      -   391 15322s
 147338 109383 4751.21389   37  926          - 7717.80788      -   392 15412s
 148165 109808 3605.79513  102  741          - 7714.71590      -   391 15502s
 148860 110221 infeasible   60               - 7713.29406      -   391 15586s
 149393 110856 3546.44529   99  704          - 7712.42853      -   392 15663s
 150252 111420 3538.02940   97  771          - 7710.57134      -   392 15738s
 151054 111899 3971.87101   71  856          - 7703.06527      -   392 15813s
 151717 112722 infeasible   61               - 7702.81991      -   392 15906s
 152818 113011 3933.14440   54  854          - 7697.84329      -   392 15987s
 153425 113458 3884.96037   67  836          - 7696.69127      -   391 16071s
 154148 113916 infeasible   93               - 7695.46473      -   391 16147s
 154794 114318 infeasible   94               - 7690.50986      -   392 16227s
 155337 114580 infeasible   94               - 7690.50986      -   393 16308s
 155763 115088 7372.06960   23 1005          - 7690.50986      -   393 16392s
 156483 115903 3784.28561   83  834          - 7685.75383      -   393 16477s
 157590 116436 infeasible   41               - 7681.02841      -   393 16558s
 158299 116777 3703.70897   77  859          - 7681.02841      -   393 16664s
 158826 117416 infeasible  123               - 7679.51440      -   393 16760s
 159625 118177 3481.34462  105  696          - 7676.53845      -   394 16855s
 160614 118517 infeasible   73               - 7671.74339      -   394 16936s
 161150 119029 7511.40685   25 1025          - 7668.60164      -   395 17024s
 161880 119821 4110.88187   68  860          - 7664.39714      -   395 17106s
 162838 120616 6444.37079   28  993          - 7664.39714      -   395 17193s
 163861 120748 infeasible   96               - 7662.19759      -   395 17273s
 164063 122616 infeasible  107               - 7662.19759      -   396 17598s
 166545 123581 7263.71494   24 1020          - 7654.82943      -   396 17711s
 167778 124127 infeasible  116               - 7654.14515      -   396 17805s
 168610 124771 6073.31732   39  981          - 7652.18847      -   397 17917s
 169484 125588 infeasible   81               - 7649.22227      -   398 18018s
 170531 126119 infeasible   66               - 7648.50711      -   398 18124s
 171366 126834 infeasible  118               - 7647.39830      -   397 18223s
 172313 127767 3476.65088  111  773          - 7642.79376      -   397 18312s
 173528 128251 7435.17170   23 1023          - 7640.03220      -   397 18399s
 174206 128556 4761.61059   53  922          - 7640.03220      -   398 18488s
 174653 129099 5389.24668   38  963          - 7640.03220      -   398 18576s
 175416 129712 6528.13155   28 1003          - 7637.87133      -   398 18664s
 176213 130632 4689.22345   55  900          - 7637.87133      -   398 18760s
 177475 131315 infeasible  148               - 7631.65166      -   398 18842s
 178328 131829 3512.45648  107  748          - 7628.17269      -   398 18917s
 179132 132536 7390.52762   31 1031          - 7627.36529      -   398 18999s
 180035 133066 3589.92167   94  816          - 7627.36529      -   398 19074s
 180810 133702 4762.64497   58  913          - 7625.96118      -   398 19150s
 181606 134184 3444.94797  103  765          - 7625.96118      -   398 19227s
 182324 134477 infeasible   69               - 7624.96062      -   398 19309s
 182751 135182 5574.87969   29  961          - 7624.96062      -   398 19393s
 183652 135993 6761.49801   30 1013          - 7620.61552      -   398 19485s
 184743 136579 3448.34190  124  757          - 7620.48871      -   398 19563s
 185671 137417 infeasible  173               - 7617.80253      -   398 19641s
 186702 138144 4011.97023   62  857          - 7617.73047      -   398 19720s
 187731 138877 6756.86299   21 1021          - 7616.88085      -   397 19792s
 188710 139326 5683.81047   39  979          - 7614.87158      -   397 19867s
 189267 139642 infeasible   63               - 7614.87158      -   397 19951s
 189785 140161 infeasible   91               - 7614.22040      -   398 20038s
 190460 140785 infeasible   56               - 7609.89008      -   398 20112s
 191288 141289 3845.41109   74  843          - 7609.89008      -   398 20189s
 192028 141654 4330.49703   59  897          - 7608.58256      -   398 20268s
 192479 142051 infeasible   75               - 7608.58256      -   398 20355s
 193118 142444 7431.94008   23 1030          - 7604.08861      -   398 20435s
 193671 143218 5963.87468   43  984          - 7602.58066      -   399 20549s
 194765 143867 3537.71589   88  848          - 7601.97762      -   399 20661s
 195600 144572 3639.44939   69  866          - 7601.08938      -   399 20775s
 196537 145176 infeasible   97               - 7598.07887      -   399 20865s
 197341 145760 infeasible   49               - 7596.13805      -   399 20957s
 198115 146158 4144.46835   60  863          - 7591.81035      -   399 21064s
 198759 146702 4091.41156   65  863          - 7589.51302      -   400 21174s
 199621 147495 4117.91692   69  887          - 7588.07814      -   400 21282s
 200730 148166 3681.15122   82  843          - 7584.56294      -   400 21370s
 201689 148803 6449.35155   26 1012          - 7582.24250      -   400 21463s
 202614 149323 5221.67566   44  916          - 7580.09272      -   400 21551s
 203288 150053 infeasible   80               - 7580.09272      -   400 21660s
 204356 150742 3375.16216  114  702          - 7579.24565      -   400 21750s
 205237 151578 7106.14015   26 1017          - 7579.24565      -   400 21843s
 206363 152062 infeasible  142               - 7579.24565      -   399 21938s
 207045 152511 5731.36518   49  943          - 7573.51865      -   400 22021s
 207684 153114 3644.31449  103  808          - 7572.81431      -   400 22113s
 208502 153777 3425.10984  120  746          - 7571.97034      -   400 22204s
 209427 154312 6632.10105   29  984          - 7569.66328      -   400 22273s
 210190 154826 3746.31400   67  815          - 7568.51036      -   400 22347s
 210876 155163 5941.15146   33  955          - 7567.29913      -   400 22423s
 211363 155631 3671.73230   74  832          - 7567.29913      -   400 22522s
 212021 156074 infeasible   77               - 7567.29913      -   400 22628s
 212699 156763 7451.15674   27 1033          - 7564.92344      -   400 22725s
 213578 157238 4130.71264   69  898          - 7564.27020      -   401 22812s
 214191 157838 infeasible   43               - 7561.80813      -   401 22916s
 215081 158483 3573.99527  100  789          - 7559.55501      -   401 23012s
 215958 158834 infeasible   62               - 7557.63087      -   401 23102s
 216499 159376 infeasible   77               - 7557.02879      -   401 23192s
 217185 160024 4102.93350   62  903          - 7553.96055      -   401 23308s
 218070 160584 7284.19244   34 1023          - 7552.27766      -   402 23400s
 218826 160959 7420.73741   29 1013          - 7551.06209      -   402 23499s
 219367 161502 5531.02589   37  966          - 7550.44482      -   402 23604s
 220114 162208 4798.29279   48  922          - 7548.87901      -   403 23704s
 221068 163077 infeasible   32               - 7548.87901      -   403 23801s
 222245 163673 3696.94962   63  813          - 7545.93446      -   402 23881s
 223059 164203 infeasible   80               - 7543.33361      -   402 23961s
 223763 164773 3485.68444  100  793          - 7543.29643      -   403 24048s
 224569 165623 5268.01951   35  952          - 7539.99599      -   403 24131s
 225630 166464 3391.54434  106  734          - 7539.11534      -   403 24206s
 226787 167012 infeasible   75               - 7538.31806      -   402 24278s
 227515 167382 6432.82262   35  988          - 7537.94551      -   402 24351s
 228029 167871 4596.71805   57  913          - 7537.69643      -   402 24438s
 228674 168658 7021.85508   25 1013          - 7537.08135      -   403 24522s
 229645 169024 3419.24933  101  777          - 7537.08135      -   403 24616s
 230201 169391 3857.79821   75  865          - 7537.08135      -   403 24707s
 230774 170071 4558.46420   49  921          - 7537.08135      -   403 24786s
 231634 170732 3363.74953  113  706          - 7528.92922      -   403 24869s
 232563 171327 infeasible  172               - 7526.62828      -   403 24943s
 233396 171896 4998.64400   51  945          - 7525.62720      -   403 25024s
 234195 172187 4098.22722   65  869          - 7524.74710      -   403 25104s
 234558 172755 3511.39303   98  742          - 7524.74710      -   403 25188s
 235350 173271 5546.07589   37  945          - 7523.10205      -   403 25271s
 236076 173841 6046.18039   24 1014          - 7523.10205      -   403 25363s
 236810 174274 3520.45301  101  771          - 7523.10205      -   403 25457s
 237503 175083 5704.92862   26 1003          - 7517.06684      -   403 25558s
 238494 175833 3736.76510   78  853          - 7515.36377      -   403 25653s
 239535 176241 7233.49145   25 1016          - 7515.08913      -   403 25752s
 240159 176867 infeasible   73               - 7514.94525      -   403 25836s
 241047 177253 3398.96140  109  758          - 7513.03002      -   403 25924s
 241605 177896 infeasible  112               - 7512.06543      -   403 26014s
 242488 178366 infeasible  125               - 7509.97169      -   403 26098s
 243228 179024 infeasible  131               - 7509.15617      -   403 26184s
 244068 180021 3579.95456   91  726          - 7508.50882      -   403 26276s
 245261 180469 3859.59446   77  877          - 7506.61679      -   403 26376s
 245917 180960 infeasible   31               - 7502.86472      -   403 26484s
 246537 181495 3968.03831   72  865          - 7502.48923      -   403 26566s
 247293 182079 7269.37329   33 1014          - 7500.80287      -   404 26655s
 248089 182698 5477.16472   26  972          - 7498.95814      -   404 26743s
 248888 183258 5414.28333   49  954          - 7498.95814      -   404 26830s
 249634 183835 3606.64865   93  821          - 7498.95814      -   404 26917s
 250471 184635 3387.89762  117  744          - 7497.27673      -   404 27013s
 251499 185412 6249.49506   34  985          - 7496.82219      -   404 27094s
 252472 186063 5119.47728   40  923          - 7496.71331      -   404 27166s
 253299 186488 3439.25043   95  770          - 7493.42666      -   404 27230s
 253946 186916 infeasible   45               - 7493.22933      -   404 27308s
 254510 187670 infeasible   69               - 7490.51769      -   404 27380s
 255474 188011 3648.49933   93  820          - 7490.51769      -   404 27455s
 255945 188396 5695.50976   37  971          - 7489.56744      -   404 27533s
 256566 189086 infeasible   71               - 7486.85298      -   404 27613s
 257446 189697 4147.44879   68  907          - 7485.59125      -   404 27693s
 258334 190216 4132.17181   59  903          - 7484.90456      -   404 27782s
 259071 190734 3502.19803   98  804          - 7484.03204      -   404 27869s
 259725 191033 4671.68114   56  928          - 7484.03204      -   404 27956s
 260260 191465 4092.02039   63  910          - 7479.71903      -   404 28042s
 260920 191878 3979.75392   69  896          - 7476.80122      -   404 28126s
 261563 192430 3863.88612   75  892          - 7475.93792      -   405 28214s
 262309 192780 infeasible  110               - 7475.40286      -   405 28303s
 262791 193194 infeasible  115               - 7475.40286      -   405 28402s
 263373 193740 4095.08190   61  875          - 7474.74764      -   405 28492s
 264085 194333 4565.33727   50  918          - 7474.74764      -   406 28596s
 264934 194523 infeasible  117               - 7474.74764      -   406 28708s
 265432 194946 6230.20167   26  993          - 7471.38785      -   406 28803s
 266036 195369 4843.40054   51  923          - 7471.38785      -   406 28900s
 266581 196054 6996.03973   28 1002          - 7468.47368      -   406 29019s
 267512 196913 7249.70219   35 1022          - 7465.81703      -   407 29144s
 268685 197342 3381.66796  124  751          - 7465.81703      -   407 29245s
 269264 197872 5257.99385   40  956          - 7465.81703      -   407 29369s
 270022 198552 infeasible   48               - 7463.13301      -   407 29484s
 271050 198949 6802.96931   27 1008          - 7463.13301      -   408 29612s
 271715 199458 infeasible  104               - 7461.35995      -   408 29715s
 272410 200156 infeasible   69               - 7460.03331      -   408 29841s
 273400 200824 3801.63340   73  856          - 7459.76438      -   408 29937s
 274364 201337 3695.58922   84  836          - 7458.60228      -   408 30038s
 275067 201527 4163.25974   61  911          - 7456.76618      -   409 30146s
 275383 202208 7251.21868   31 1011          - 7456.57448      -   409 30277s
 276266 202970 4174.05666   70  891          - 7456.11534      -   409 30407s
 277372 203633 3788.05380   71  871          - 7454.26199      -   409 30505s
 278221 204332 4146.22036   58  913          - 7453.98693      -   409 30606s
 279136 204940 infeasible   65               - 7451.69053      -   409 30723s
 279942 205579 7413.85400   29 1031          - 7450.39920      -   409 30834s
 280827 206246 4739.44980   51  926          - 7450.39920      -   410 30914s
 281728 206565 4376.79361   54  911          - 7447.67319      -   410 30991s
 282177 206858 infeasible  105               - 7447.67319      -   410 31093s
 282670 207355 3778.84027   65  886          - 7446.86023      -   410 31196s
 283403 207982 infeasible   98               - 7445.07720      -   410 31310s
 284216 208739 4006.43348   59  900          - 7445.07720      -   411 31418s
 285261 209044 infeasible   99               - 7444.28876      -   411 31525s
 285788 209583 infeasible  101               - 7441.22703      -   411 31629s
 286565 210044 5317.32619   41  977          - 7438.70829      -   411 31738s
 287236 210649 infeasible   50               - 7438.44685      -   412 31847s
 288051 211246 5606.14442   47  954          - 7435.33383      -   412 31956s
 288926 211788 4392.93009   60  912          - 7435.09611      -   412 32072s
 289694 212276 infeasible  108               - 7433.75536      -   413 32179s
 290362 213007 7107.72093   28  984          - 7431.22487      -   413 32294s
 291338 213839 5462.53565   35  961          - 7431.13178      -   413 32408s
 292468 214244 4375.56506   62  934          - 7429.88078      -   413 32519s
 293067 214838 4151.35625   69  919          - 7429.19732      -   413 32625s
 293896 215441 3636.35316   89  846          - 7428.94536      -   413 32728s
 294671 215893 infeasible   88               - 7427.53137      -   414 32841s
 295497 216228 infeasible   90               - 7427.52683      -   413 32925s
 296054 216742 5206.39715   39  940          - 7426.70899      -   413 33063s
 296852 217578 3765.34094   81  866          - 7426.17892      -   413 33188s
 297958 217923 3478.84387  100  792          - 7424.83680      -   414 33307s
 298423 218757 3426.34395  102  791          - 7424.65686      -   414 33427s
 299469 219525 4170.06966   65  921          - 7423.75959      -   414 33538s
 300595 220313 3362.30989   77  824          - 7422.98717      -   414 33661s
 301590 220937 4078.18754   69  887          - 7422.02217      -   414 33788s
 302489 221603 infeasible   78               - 7421.92761      -   414 33892s
 303421 222562 3953.42051   75  857          - 7421.28488      -   414 33994s
 304606 223084 4075.08925   51  859          - 7419.86802      -   414 34097s
 305321 223676 6267.50992   37 1004          - 7419.81347      -   415 34204s
 306109 224172 infeasible   96               - 7419.71157      -   415 34301s
 306809 224824 4957.54398   53  914          - 7419.11802      -   415 34401s
 307683 225482 7090.59555   29  957          - 7417.95863      -   415 34499s
 308560 226125 3756.82871   89  856          - 7416.82347      -   415 34591s
 309501 226720 3774.73666   85  855          - 7416.80884      -   415 34689s
 310312 227233 6891.45151   31  995          - 7416.25475      -   415 34776s
 310941 227997 7398.61346   32 1024          - 7416.07255      -   415 34889s
 311976 228638 7399.35256   32 1032          - 7415.88862      -   415 35009s
 312850 229126 6953.98238   23 1038          - 7414.63272      -   415 35103s
 313504 229597 4600.48421   65  935          - 7413.64255      -   416 35219s
 314197 230203 6144.22749   26  985          - 7413.55591      -   416 35338s
 315007 230584 3848.25996   84  870          - 7413.11097      -   416 35452s
 315508 231271 6911.97828   27  992          - 7412.55764      -   416 35578s
 316427 232048 7103.33080   24 1018          - 7412.35948      -   416 35699s
 317531 232599 3461.04127  159  607          - 7412.35948      -   416 35797s
 318288 233223 5072.67516   56  921          - 7410.54198      -   416 35898s
 319130 233722 3760.63093   92  848          - 7409.70294      -   416 36005s
 319897 234343 3479.62077  109  774          - 7409.22301      -   416 36103s
 320790 235021 6136.04252   34  990          - 7409.22301      -   416 36210s
 321624 235498 4850.48123   55  927          - 7407.83867      -   416 36313s
 322375 236106 7349.12725   32 1028          - 7407.32391      -   416 36427s
 323245 236682 5060.75215   48  954          - 7406.68918      -   416 36535s
 324044 236944 3572.01485   83  873          - 7406.29319      -   417 36636s
 324426 237254 5397.85260   52  970          - 7405.93643      -   417 36745s
 324972 237646 3836.09813   67  884          - 7405.93643      -   417 36832s
 325550 238060 6497.41056   24 1029          - 7405.23048      -   417 36959s
 326176 238717 4090.92207   58  892          - 7405.20033      -   417 37122s
 327189 239507 5539.70667   43  983          - 7404.85821      -   417 37257s
 328269 240385 3809.38715   74  878          - 7403.77754      -   417 37386s
 329473 240969 4113.19228   65  912          - 7403.22382      -   417 37508s
 330341 241433 5234.43390   49  945          - 7403.05864      -   417 37619s
 330959 241856 3595.13600   97  807          - 7403.05864      -   417 37730s
 331530 242242 3886.11155   71  860          - 7402.25444      -   417 37846s
 332187 242747 3545.56082  100  782          - 7402.25444      -   417 37963s
 333004 243349 3493.36717  132  689          - 7402.25444      -   417 38105s
 333928 244031 5448.68585   36  974          - 7401.49837      -   417 38226s
 334884 244581 5343.21978   51  955          - 7400.99890      -   417 38338s
 335674 245101 3693.11963   94  790          - 7400.89972      -   417 38464s
 336421 245906 3576.01107   88  837          - 7400.24108      -   417 38600s
 337548 246861 3810.09680   74  884          - 7399.73987      -   417 38729s
 338827 247321 3793.78477   88  847          - 7399.37053      -   417 38833s
 339503 247895 4744.79758   50  925          - 7398.61346      -   417 38946s
 340239 248166 3699.42837   88  843          - 7398.57652      -   417 39058s
 340712 248885 7114.53785   29 1012          - 7398.16074      -   417 39192s
 341779 249592 4521.08367   57  925          - 7397.45803      -   417 39303s
 342792 250063 3870.12648   62  855          - 7396.47969      -   417 39417s
 343454 250616 3914.10374   70  878          - 7396.47969      -   417 39529s
 344239 251204 3757.58118   66  864          - 7396.38165      -   417 39665s
 345115 251828 3502.81546   96  818          - 7395.33057      -   417 39767s
 346005 252529 7107.37032   27 1014          - 7395.08822      -   417 39880s
 346992 253196 5561.52688   32 1009          - 7394.85016      -   417 39983s
 347989 254063 3954.18914   69  868          - 7394.58979      -   417 40085s
 349152 254411 3793.98360   88  858          - 7394.58979      -   417 40190s
 349672 255041 6875.11487   29 1000          - 7393.84743      -   417 40302s
 350548 255578 3867.20904   86  869          - 7393.84743      -   417 40421s
 351311 256367 3807.17123   73  849          - 7392.74444      -   417 40522s
 352408 256970 4029.97716   61  912          - 7392.58354      -   417 40623s
 353279 257535 infeasible   80               - 7392.58354      -   417 40723s
 354104 258118 5454.23564   50  982          - 7390.34998      -   417 40813s
 354965 258555 infeasible  110               - 7389.33567      -   417 40916s
 355700 258809 3561.38188  104  756          - 7389.33567      -   417 41018s
 356104 259470 3463.40498  143  643          - 7388.71493      -   417 41134s
 357021 259831 6666.52431   32 1037          - 7388.26653      -   417 41237s
 357664 260477 4122.74955   67  898          - 7388.26653      -   417 41352s
 358580 261168 6931.31244   32 1002          - 7387.49274      -   417 41454s
 359519 262070 4882.99551   60  919          - 7386.05410      -   417 41549s
 360771 262653 3550.96413   95  790          - 7385.78785      -   417 41644s
 361527 263353 infeasible  151               - 7384.51520      -   417 41743s
 362487 263726 4377.96787   56  916          - 7383.62798      -   417 41842s
 363000 264275 infeasible   70               - 7382.99116      -   417 41954s
 363809 264956 4022.93967   70  879          - 7382.09210      -   417 42040s
 364791 265421 5953.39929   32  979          - 7381.56410      -   417 42133s
 365516 266009 infeasible   85               - 7380.85084      -   417 42238s
 366342 266610 4262.44884   46  932          - 7380.50272      -   417 42326s
 367165 267237 6426.93563   28  953          - 7378.51442      -   418 42419s
 368032 267887 4356.98668   58  885          - 7377.41357      -   418 42514s
 368974 268117 6076.65521   33  971          - 7377.41357      -   418 42610s
 369334 269409 6735.08970   25 1025          - 7376.14171      -   418 42820s
 371144 269715 6586.24921   26  992          - 7374.45010      -   418 42938s
 371626 270363 infeasible   93               - 7374.45010      -   418 43066s
 372518 270902 6840.80865   30 1013          - 7372.30620      -   419 43199s
 373351 271302 3454.11671  103  814          - 7372.30620      -   419 43336s
 374025 271686 3267.40394  127  771          - 7370.91591      -   419 43464s
 374555 272274 4328.04180   66  895          - 7370.91591      -   419 43590s
 375389 272940 infeasible   94               - 7370.21666      -   419 43718s
 376391 273696 5543.99779   38  914          - 7368.60285      -   419 43836s
 377455 274138 infeasible   55               - 7366.25681      -   420 43957s
 378149 274825 infeasible   88               - 7365.65319      -   420 44075s
 379088 275470 infeasible   55               - 7364.68106      -   421 44197s
 380027 276351 3573.14446  100  766          - 7363.70975      -   421 44327s
 381166 276784 4770.42950   54  914          - 7362.09117      -   421 44451s
 381809 277384 5279.08810   37  950          - 7361.70949      -   421 44576s
 382669 278132 6297.89831   31  992          - 7360.84997      -   421 44701s
 383647 278622 3567.70873   81  821          - 7360.75382      -   422 44797s
 384413 279156 5249.88110   46  959          - 7358.86373      -   422 44909s
 385141 279649 3708.27831   85  849          - 7358.32037      -   422 45033s
 385838 280104 infeasible  140               - 7357.01754      -   422 45179s
 386527 280467 infeasible   87               - 7356.79622      -   422 45322s
 387076 281154 4603.58053   58  895          - 7355.81168      -   422 45461s
 387991 281730 6929.92187   28 1003          - 7355.57801      -   423 45609s
 388789 282163 6906.67460   29 1001          - 7355.14729      -   423 45754s
 389397 282732 7254.98038   28 1015          - 7354.37052      -   423 45909s
 390266 283379 3932.14734   73  863          - 7354.18369      -   424 46046s
 391237 283836 4219.73611   56  872          - 7352.88444      -   424 46183s
 392077 284351 4616.19971   55  892          - 7352.87247      -   424 46339s
 392842 285092 4055.32930   64  896          - 7352.19629      -   424 46491s
 393825 285385 3791.61271   85  847          - 7351.20282      -   424 46644s
 394294 285934 4312.44834   57  871          - 7351.20282      -   424 46775s
 395117 286485 6987.06676   23 1033          - 7350.12166      -   424 46927s
 395932 287174 6337.10106   34 1005          - 7349.35021      -   425 47059s
 396879 287941 4756.13291   62  892          - 7348.88610      -   425 47181s
 397911 288480 4207.04161   54  900          - 7348.19103      -   425 47298s
 398672 288814 6952.12979   27 1012          - 7347.67169      -   426 47401s
 399162 289826 6827.41532   29 1005          - 7347.31062      -   426 47572s
 400424 290140 4448.02974   56  895          - 7346.65361      -   426 47683s
 400876 290948 3814.56483   68  866          - 7346.65361      -   426 47821s
 401947 291644 5221.44936   45  896          - 7345.81391      -   426 47950s
 402919 292088 infeasible  132               - 7345.35584      -   426 48075s
 403545 292865 infeasible   63               - 7344.08011      -   427 48209s
 404700 293359 3785.31469   74  866          - 7343.75122      -   426 48341s
 405506 293774 4526.21845   63  909          - 7343.67620      -   426 48451s
 406115 294524 infeasible   68               - 7343.24990      -   427 48561s
 407151 295275 7047.02465   22 1004          - 7342.58252      -   427 48666s
 408092 295696 3905.94495   60  841          - 7342.06317      -   427 48777s
 408687 296415 6253.73618   37  993          - 7341.45800      -   427 48883s
 409640 297007 7156.91388   28 1020          - 7340.09734      -   427 48991s
 410483 297699 6231.67587   27  998          - 7339.14530      -   427 49097s
 411483 298294 3635.79258   90  801          - 7338.36663      -   428 49204s
 412266 298679 6198.24785   29  960          - 7338.14595      -   428 49334s
 412839 299227 7308.05069   29 1000          - 7337.78763      -   428 49449s
 413545 299672 3594.89483  101  790          - 7337.78763      -   428 49563s
 414214 300089 7124.06381   27 1020          - 7336.29318      -   428 49715s
 414803 300808 3610.10108   92  866          - 7335.79493      -   428 49877s
 415762 301196 infeasible   66               - 7335.03500      -   429 50029s
 416278 301411 4627.85792   54  904          - 7334.61906      -   429 50084s

Cutting planes:
  Learned: 1
  Gomory: 24
  Cover: 58
  Implied bound: 91
  Projected implied bound: 1071
  Clique: 34
  MIR: 718
  Mixing: 3
  Flow cover: 768
  Zero half: 1
  RLT: 64
  Relax-and-lift: 288
  BQP: 2
  PSD: 1

Explored 416575 nodes (178743984 simplex iterations) in 50084.22 seconds (55043.82 work units)
Thread count was 8 (of 12 available processors)

Solution count 0

Solve interrupted
Best objective -, best bound 7.334483979640e+03, gap -

