Solver command line: []

Read LP format model from file /var/folders/2j/t8d8dcsn1tg5sc8l4kz4_4ch0000gn/T/tmpuevm1c7v.pyomo.lp
Reading time = 0.03 seconds
x1: 1384 rows, 924 columns, 33944 nonzeros
Set parameter Threads to value 8
Set parameter NonConvex to value 2
Gurobi Optimizer version 12.0.1 build v12.0.1rc0 (mac64[x86] - Darwin 24.5.0 24F74)

CPU model: Intel(R) Core(TM) i7-9750H CPU @ 2.60GHz
Thread count: 6 physical cores, 12 logical processors, using up to 8 threads

Non-default parameters:
NonConvex  2
Threads  8

Optimize a model with 1384 rows, 924 columns and 33944 nonzeros
Model fingerprint: 0xe9c60850
Model has 3 quadratic constraints
Variable types: 474 continuous, 450 integer (450 binary)
Coefficient statistics:
  Matrix range     [3e-07, 1e+03]
  QMatrix range    [1e+00, 1e+00]
  Objective range  [1e-01, 8e-01]
  Bounds range     [1e+00, 1e+00]
  RHS range        [3e-03, 4e+03]
  QRHS range       [1e+04, 1e+04]
Presolve removed 180 rows and 142 columns
Presolve time: 0.34s
Presolved: 1207 rows, 785 columns, 26844 nonzeros
Presolved model has 2 bilinear constraint(s)

Solving non-convex MIQCP

Variable types: 399 continuous, 386 integer (386 binary)

Root relaxation: objective 2.364808e+04, 1094 iterations, 0.04 seconds (0.04 work units)

    Nodes    |    Current Node    |     Objective Bounds      |     Work
 Expl Unexpl |  Obj  Depth IntInf | Incumbent    BestBd   Gap | It/Node Time

     0     0 23648.0834    0  118          - 23648.0834      -     -    0s
     0     0 19294.5819    0  181          - 19294.5819      -     -    0s
     0     0 19294.5754    0  181          - 19294.5754      -     -    0s
     0     0 19238.9729    0  190          - 19238.9729      -     -    0s
     0     0 16629.0956    0  240          - 16629.0956      -     -    1s
     0     0 15746.3775    0  256          - 15746.3775      -     -    1s
H    0     0                    3506.2027246 15084.3676   330%     -    2s
H    0     0                    3506.2027255 15084.3676   330%     -    2s
     0     0 15000.0769    0  266 3506.20273 15000.0769   328%     -    2s
     0     0 14655.9529    0  278 3506.20273 14655.9529   318%     -    3s
H    0     0                    3506.2027330 13322.5966   280%     -    4s
     0     0 13322.5966    0  276 3506.20273 13322.5966   280%     -    4s
     0     0 13185.3488    0  276 3506.20273 13185.3488   276%     -    4s
     0     0 13016.5713    0  276 3506.20273 13016.5713   271%     -    5s
     0     0 12962.0051    0  280 3506.20273 12962.0051   270%     -    5s
     0     0 12904.3794    0  275 3506.20273 12904.3794   268%     -    5s
     0     0 12878.5559    0  276 3506.20273 12878.5559   267%     -    6s
     0     0 12842.9192    0  279 3506.20273 12842.9192   266%     -    6s
     0     0 12822.1501    0  279 3506.20273 12822.1501   266%     -    8s
     0     2 12821.1997    0  279 3506.20273 12821.1997   266%     -    8s
   136   118 9030.65305   12  234 3506.20273 10625.7886   203%   227   10s
  1272   585 infeasible   39      3506.20273 8992.02545   156%  94.0   15s
  2590  1071 4747.20725   33  279 3506.20273 8349.57698   138%  80.0   21s
  2594  1074 7157.33675   16  252 3506.20273 8349.57698   138%  79.9   25s
  2599  1077 7495.17770   12  277 3506.20273 8349.57698   138%  79.7   31s
  2604  1080 3792.97159   54  279 3506.20273 8349.57698   138%  79.5   35s
  2622  1087 8349.57698   17  216 3506.20273 8349.57698   138%  88.1   40s
H 2825  1084                    3506.6443625 8349.57698   138%  89.7   44s
  2865  1087 4321.82090   35  108 3506.64436 8342.58203   138%  89.6   45s
  3367  1128 4601.32916   24  122 3506.64436 7147.98861   104%  87.6   50s
H 3436  1097                    3506.6497155 7147.98861   104%  87.1   50s
  4355  1118 infeasible   24      3506.64972 5860.86582  67.1%  80.6   55s
  5135  1099 4159.69072   28  109 3506.64972 5529.90683  57.7%  76.9   60s
H 5810  1223                    3506.6497167 5328.38613  52.0%  74.0   63s
  6213  1365 3842.54412   27   79 3506.64972 5228.48070  49.1%  72.3   65s
  7027  1408 4116.63237   36  109 3506.64972 4929.48709  40.6%  71.2   71s
  7774  1522 infeasible   39      3506.64972 4765.53835  35.9%  70.5   75s
H 8153  1596                    3506.6497171 4652.26290  32.7%  71.4   78s
  8506  1661 4032.12494   37  114 3506.64972 4564.94846  30.2%  71.4   80s
  9397  1774 3748.86007   45   78 3506.64972 4467.33191  27.4%  69.5   86s
 10413  2092 3778.73850   51   95 3506.64972 4349.89808  24.0%  66.6   90s
 12490  3204 3512.72686   38   15 3506.64972 4197.94156  19.7%  62.4   96s
 13751  3726 3517.52969   54   21 3506.64972 4153.74247  18.5%  59.9  100s
 15338  4579 3797.81144   37   55 3506.64972 4084.49160  16.5%  57.5  106s
 17863  4621 infeasible   33      3506.64972 4021.39202  14.7%  54.3  110s
 19751  5296 3517.19096   77   40 3506.64972 3983.26298  13.6%  52.3  115s
 21289  5687 3561.62944   67   63 3506.64972 3952.78955  12.7%  51.4  120s
 22013  5768 3572.45790   34   30 3506.64972 3930.12016  12.1%  51.9  126s
 23006  6236 3898.41447   31   83 3506.64972 3908.14848  11.4%  51.8  130s
 24993  6774 3841.17088   31   91 3506.64972 3882.94754  10.7%  50.8  136s
 26931  6717 3732.55609   50   79 3506.64972 3860.33470  10.1%  49.8  140s
 27739  6679 infeasible   61      3506.64972 3844.48475  9.63%  50.1  146s
 28616  7057 3624.29727   48   60 3506.64972 3831.05000  9.25%  50.3  150s
 30478  7151 infeasible   42      3506.64972 3813.56848  8.75%  49.7  158s
 31557  7078 infeasible   42      3506.64972 3801.95363  8.42%  49.6  162s
 32273  7007 infeasible   43      3506.64972 3787.62845  8.01%  50.0  165s
 33855  7670 3706.86963   56   75 3506.64972 3768.60564  7.47%  50.4  174s
 36240  7610 infeasible   56      3506.64972 3751.98574  7.00%  49.2  178s
 36772  7556 3587.63002   37   67 3506.64972 3747.15088  6.86%  49.4  183s
 37297  7559 infeasible   65      3506.64972 3741.63474  6.70%  49.6  186s
 37832  7535 infeasible   55      3506.64972 3740.96293  6.68%  49.6  190s
 38286  7878 3606.63254   55   65 3506.64972 3738.75259  6.62%  49.7  195s
 40599  7727 3653.92335   51   59 3506.64972 3717.94016  6.03%  49.3  202s
 41045  7620 3591.82729   47   47 3506.64972 3712.50611  5.87%  49.4  205s
 42187  7527 3537.37797   59   48 3506.64972 3701.85197  5.57%  49.7  212s
 42743  7444 infeasible   59      3506.64972 3698.40077  5.47%  49.9  215s
H43416  7452                    3506.6497180 3689.36014  5.21%  49.9  217s
 43481  7399 infeasible   63      3506.64972 3688.37575  5.18%  50.0  221s
 43928  7341 infeasible   67      3506.64972 3686.56419  5.13%  50.1  225s
 45142  7123 infeasible   51      3506.64972 3679.99731  4.94%  50.2  232s
 45835  7075 infeasible   61      3506.64972 3672.37759  4.73%  50.4  236s
 46513  6956 3509.60528   59   22 3506.64972 3666.91970  4.57%  50.5  240s
 47813  6739 infeasible   61      3506.64972 3658.11788  4.32%  50.7  248s
 48526  6669 infeasible   43      3506.64972 3653.06307  4.18%  50.8  252s
 49341  6573 infeasible   39      3506.64972 3647.38159  4.01%  50.8  257s
 50089  6548 3572.27302   56   46 3506.64972 3643.81798  3.91%  50.8  261s
 51434  6477 infeasible   59      3506.64972 3636.26201  3.70%  50.6  266s
 52049  6384 infeasible   48      3506.64972 3633.30480  3.61%  50.6  270s
 53544  6120 3583.71503   42   40 3506.64972 3624.83854  3.37%  50.7  278s
 54372  6037 3570.67517   41   48 3506.64972 3621.28692  3.27%  50.7  282s
 55201  5906 3564.93005   71   48 3506.64972 3617.70989  3.17%  50.7  286s
 56082  5818 3566.63070   50   44 3506.64972 3612.80942  3.03%  50.6  290s
 58201  5781 3564.95614   68   52 3506.64972 3604.65634  2.79%  50.2  298s
 59154  5628 infeasible   62      3506.64972 3600.94588  2.69%  50.2  301s
 59934  5532 infeasible   70      3506.64972 3598.13181  2.61%  50.2  305s
 61311  5328 infeasible   67      3506.64972 3591.92755  2.43%  50.1  312s
 62080  5127 infeasible   73      3506.64972 3589.56776  2.36%  50.1  316s
 62927  5031 3569.28519   44   45 3506.64972 3585.20987  2.24%  50.1  321s
 63610  4948 infeasible   63      3506.64972 3584.17623  2.21%  50.0  325s
 64432  4838 3539.70914   31   26 3506.64972 3579.44687  2.08%  50.0  331s
 65280  4797 3539.92078   73   49 3506.64972 3578.15188  2.04%  49.9  336s
 66780  4713 infeasible   49      3506.64972 3573.30137  1.90%  49.6  340s
 68191  4667 3531.27922   57   22 3506.64972 3570.13084  1.81%  49.4  349s
 69970  4504 infeasible   76      3506.64972 3564.23945  1.64%  49.0  354s
 70754  4412 infeasible   62      3506.64972 3562.46330  1.59%  48.9  360s
*70768  4412              67    3506.7234506 3562.46330  1.59%  48.9  360s
*70771  4412              69    3506.7254015 3562.46330  1.59%  48.9  360s
*70774  4412              71    3506.7254021 3562.46330  1.59%  48.9  360s
 71644  4300 infeasible   76      3506.72540 3560.27492  1.53%  48.8  370s
 72185  4205 3532.02170   49   40 3506.72540 3559.58897  1.51%  48.8  375s
H72426  4205                    3506.8606812 3559.58897  1.50%  48.7  375s
 72842  4056 infeasible   48      3506.86068 3557.68197  1.45%  48.7  381s
H73591  4056                    3506.8607271 3554.91271  1.37%  48.6  381s
 73669  3943 infeasible   66      3506.86073 3554.83772  1.37%  48.6  387s
 74412  3832 infeasible   61      3506.86073 3552.32173  1.30%  48.6  393s
H74413  3832                    3506.8607277 3552.32173  1.30%  48.6  393s
H74503  3832                    3506.8607689 3552.26194  1.29%  48.6  393s
 75239  3722 3509.78233   74   27 3506.86077 3550.64752  1.25%  48.5  401s
H75358  3722                    3506.8607699 3550.64752  1.25%  48.5  401s
 75968  3595 infeasible   60      3506.86077 3548.71903  1.19%  48.4  407s
H76258  3595                    3506.8607781 3548.67249  1.19%  48.4  407s
 76732  3467 infeasible   59      3506.86078 3546.16411  1.12%  48.3  416s
H77291  3467                    3506.8607792 3546.16024  1.12%  48.2  416s
H77706  3467                    3506.8607971 3546.13173  1.12%  48.2  416s
H78334  3420                    3506.8607989 3543.04507  1.03%  48.0  421s
H78545  3420                    3506.8608109 3543.04507  1.03%  48.0  421s
*79013  3343              72    3506.8717511 3541.67390  0.99%  47.9  426s
*79016  3343              74    3506.8724681 3541.67390  0.99%  47.9  426s
*79019  3343              76    3506.8725761 3541.67390  0.99%  47.9  426s
*79022  3343              78    3506.8725945 3541.67390  0.99%  47.9  426s
*79024  3343              79    3506.8725991 3541.67390  0.99%  47.9  426s
*79026  3343              80    3506.8725995 3541.67390  0.99%  47.9  426s
 79683  3349 infeasible   69      3506.87260 3540.62185  0.96%  47.8  432s
 81179  3238 infeasible   53      3506.87260 3538.12722  0.89%  47.5  438s
 82015  3080 3517.88370   79   27 3506.87260 3536.62860  0.85%  47.4  443s
 82833  2915 infeasible   42      3506.87260 3535.76711  0.82%  47.3  449s
H83427  2915                    3506.8787579 3535.69711  0.82%  47.1  449s
 84560  2773 infeasible   57      3506.87876 3532.14890  0.72%  46.9  452s
H84633  2769                    3506.8858124 3532.14890  0.72%  46.9  452s
 85072  2667 infeasible   84      3506.88581 3531.29107  0.70%  46.8  455s
 86271  2298 3518.10025   54   32 3506.88581 3528.14822  0.61%  46.6  463s
 86953  2116 3513.21435   81   18 3506.88581 3526.73244  0.57%  46.6  467s
 88320  1923 3514.20163   62   40 3506.88581 3523.96426  0.49%  46.3  470s
 89709  1567 3515.29477   53   25 3506.88581 3521.17774  0.41%  46.1  477s
 90146  1351 3513.18786   74   22 3506.88581 3520.51581  0.39%  46.1  481s
 91620  1194     cutoff   61      3506.88581 3518.12709  0.32%  45.8  486s
 92638   621 infeasible   55      3506.88581 3516.39114  0.27%  45.6  492s
 93773   315 3511.47283   72   15 3506.88581 3513.95980  0.20%  45.4  496s
 94486    14     cutoff   55      3506.88581 3512.63935  0.16%  45.3  500s

Cutting planes:
  Learned: 1
  Gomory: 21
  Cover: 404
  Implied bound: 144
  Projected implied bound: 369
  Clique: 77
  MIR: 542
  StrongCG: 2
  Flow cover: 446
  Inf proof: 8
  RLT: 211
  Relax-and-lift: 535
  BQP: 21
  PSD: 3

Explored 95050 nodes (4304070 simplex iterations) in 500.47 seconds (256.21 work units)
Thread count was 8 (of 12 available processors)

Solution count 10: 3506.89 3506.88 3506.87 ... 3506.86

Optimal solution found (tolerance 1.00e-04)
Best objective 3.506885812404e+03, best bound 3.506885812404e+03, gap 0.0000%

