Solver command line: []

Read LP format model from file /var/folders/2j/t8d8dcsn1tg5sc8l4kz4_4ch0000gn/T/tmps2vj8jzy.pyomo.lp
Reading time = 0.02 seconds
x1: 1558 rows, 1040 columns, 30326 nonzeros
Set parameter Threads to value 8
Set parameter NonConvex to value 2
Gurobi Optimizer version 12.0.1 build v12.0.1rc0 (mac64[x86] - Darwin 24.5.0 24F74)

CPU model: Intel(R) Core(TM) i7-9750H CPU @ 2.60GHz
Thread count: 6 physical cores, 12 logical processors, using up to 8 threads

Non-default parameters:
NonConvex  2
Threads  8

Optimize a model with 1558 rows, 1040 columns and 30326 nonzeros
Model fingerprint: 0x5c971879
Model has 5 quadratic constraints
Variable types: 540 continuous, 500 integer (500 binary)
Coefficient statistics:
  Matrix range     [2e-06, 1e+03]
  QMatrix range    [1e+00, 1e+00]
  Objective range  [2e-02, 5e-01]
  Bounds range     [1e+00, 1e+00]
  RHS range        [9e-03, 5e+03]
  QRHS range       [1e+04, 1e+04]
Presolve removed 386 rows and 285 columns
Presolve time: 0.50s
Presolved: 1175 rows, 758 columns, 20596 nonzeros
Presolved model has 2 bilinear constraint(s)

Solving non-convex MIQCP

Variable types: 393 continuous, 365 integer (365 binary)

Root relaxation: objective 2.832287e+04, 755 iterations, 0.03 seconds (0.03 work units)

    Nodes    |    Current Node    |     Objective Bounds      |     Work
 Expl Unexpl |  Obj  Depth IntInf | Incumbent    BestBd   Gap | It/Node Time

     0     0 28322.8719    0  149          - 28322.8719      -     -    0s
     0     0 28320.0586    0  147          - 28320.0586      -     -    0s
     0     0 25659.1587    0  185          - 25659.1587      -     -    1s
     0     0 24694.7798    0  193          - 24694.7798      -     -    1s
H    0     0                    3476.7756298 24694.7798   610%     -    2s
H    0     0                    3476.7756405 24694.7798   610%     -    2s
     0     0 18663.2130    0  213 3476.77564 18663.2130   437%     -    2s
     0     0 15643.7000    0  190 3476.77564 15643.7000   350%     -    2s
     0     0 11629.6201    0  220 3476.77564 11629.6201   234%     -    4s
     0     0 11143.5087    0  242 3476.77564 11143.5087   221%     -    4s
     0     0 9601.16630    0  218 3476.77564 9601.16630   176%     -    5s
     0     0 9424.98436    0  230 3476.77564 9424.98436   171%     -    5s
     0     0 8882.89254    0  228 3476.77564 8882.89254   155%     -    6s
     0     0 8701.18757    0  225 3476.77564 8701.18757   150%     -    6s
     0     0 8379.74566    0  229 3476.77564 8379.74566   141%     -    7s
     0     0 8336.98063    0  230 3476.77564 8336.98063   140%     -    7s
     0     0 8133.47052    0  229 3476.77564 8133.47052   134%     -    8s
     0     0 7631.51129    0  223 3476.77564 7631.51129   119%     -    9s
H    0     0                    3491.0066829 7631.51129   119%     -   10s
     0     2 7631.51129    0  223 3491.00668 7631.51129   119%     -   10s
H   39    22                    3493.3962675 7631.51129   118%   239   10s
H   76    49                    3493.3963331 7631.51129   118%   169   10s
H  174    97                    3493.5948979 7631.51129   118%   116   11s
H  479   244                    3494.4597613 7631.51129   118%  75.7   11s
H 1587   612                    3494.8697988 7227.11077   107%  61.1   14s
H 1625   612                    3494.8768300 7227.11077   107%  60.4   14s
* 2072   750              47    3499.6625224 6772.04491  93.5%  57.4   14s
* 2077   750              47    3499.6638307 6772.04491  93.5%  57.2   14s
  2129   825 4454.85738   27   75 3499.66383 6698.82132  91.4%  57.5   15s
H 2292   856                    3499.6638324 6647.41075  89.9%  56.2   15s
  2701   982 4367.48481   28  203 3499.66383 6443.87530  84.1%  54.0   21s
H 2703   933                    3499.6850433 6443.87530  84.1%  54.0   24s
  2705   935 3530.36077   72  211 3499.68504 6443.87530  84.1%  53.9   25s
  2713   940 3693.34100   37  211 3499.68504 6443.87530  84.1%  53.8   30s
H 2716   895                    3499.9063917 6443.87530  84.1%  53.7   31s
  2724   899 6443.87530   17  155 3499.90639 6443.87530  84.1%  57.9   35s
H 2753   877                    3500.3049156 6443.87530  84.1%  60.0   36s
H 2856   836                    3502.0513560 6443.87530  84.0%  60.6   38s
* 2904   782              31    3506.2610168 6443.87530  83.8%  60.6   39s
* 2906   743              32    3506.3450116 6443.87530  83.8%  60.6   39s
* 2909   706              32    3506.3744602 6443.87530  83.8%  60.5   39s
H 2945   664                    3506.3745196 6443.87530  83.8%  60.8   39s
H 2975   621                    3506.3746253 6443.87530  83.8%  60.6   39s
H 2977   588                    3506.3748111 6443.87530  83.8%  60.6   39s
  2983   590 5938.03746   25  151 3506.37481 6443.87530  83.8%  60.7   40s
H 3019   548                    3507.0664659 6443.87530  83.7%  60.4   40s
* 3216   537              38    3509.4498889 5937.39767  69.2%  60.3   41s
* 3219   509              40    3510.0098371 5937.39767  69.2%  60.3   41s
H 3275   483                    3510.0098629 5937.39767  69.2%  60.6   42s
H 3289   454                    3510.0099603 5753.18511  63.9%  60.4   42s
H 3292   430                    3510.0101155 5750.87674  63.8%  60.5   42s
H 3326   397                    3510.0104593 5750.87674  63.8%  60.3   42s
H 3436   366                    3510.0105631 5716.74539  62.9%  60.0   42s
H 3440   345                    3510.0105689 5694.37469  62.2%  60.1   42s
H 3441   325                    3517.3312205 5247.90899  49.2%  60.2   42s
H 3455   303                    3518.3746717 4876.44401  38.6%  60.3   42s
* 3578   298              44    3525.6062909 4645.48928  31.8%  60.5   44s
* 3581   281              46    3525.8314554 4645.48928  31.8%  60.4   44s
* 3586   268              48    3525.8681676 4645.48928  31.8%  60.3   44s
* 3587   268              49    3525.8772131 4645.48928  31.8%  60.3   44s
* 3737   290              49    3525.8779943 4370.94006  24.0%  59.2   44s
H 3889   274                    3527.3137972 4363.62855  23.7%  58.4   44s
  3984   280 infeasible   44      3527.31380 4198.63372  19.0%  58.3   45s
H 4776   340                    3534.4712165 3658.91279  3.52%  55.1   48s
H 4837   330                    3535.0138711 3658.91279  3.50%  54.8   48s
H 5040   328                    3536.8669958 3624.86316  2.49%  54.1   49s
  5087   308 infeasible   45      3536.86700 3624.19030  2.47%  54.0   50s

Cutting planes:
  Learned: 5
  Gomory: 17
  Cover: 138
  Implied bound: 105
  Projected implied bound: 251
  Clique: 76
  MIR: 564
  StrongCG: 4
  Flow cover: 442
  Inf proof: 34
  RLT: 78
  Relax-and-lift: 265
  BQP: 27
  PSD: 7

Explored 6261 nodes (324735 simplex iterations) in 53.25 seconds (38.50 work units)
Thread count was 8 (of 12 available processors)

Solution count 10: 3536.87 3535.01 3534.47 ... 3518.37

Optimal solution found (tolerance 1.00e-04)
Best objective 3.536866995821e+03, best bound 3.536866995821e+03, gap 0.0000%

