Solver command line: []

Read LP format model from file /var/folders/2j/t8d8dcsn1tg5sc8l4kz4_4ch0000gn/T/tmp6i2y18he.pyomo.lp
Reading time = 0.03 seconds
x1: 1384 rows, 924 columns, 33944 nonzeros
Set parameter Threads to value 8
Set parameter NonConvex to value 2
Gurobi Optimizer version 12.0.1 build v12.0.1rc0 (mac64[x86] - Darwin 24.5.0 24F74)

CPU model: Intel(R) Core(TM) i7-9750H CPU @ 2.60GHz
Thread count: 6 physical cores, 12 logical processors, using up to 8 threads

Non-default parameters:
NonConvex  2
Threads  8

Optimize a model with 1384 rows, 924 columns and 33944 nonzeros
Model fingerprint: 0x4aefa146
Model has 3 quadratic constraints
Variable types: 474 continuous, 450 integer (450 binary)
Coefficient statistics:
  Matrix range     [3e-07, 1e+03]
  QMatrix range    [1e+00, 1e+00]
  Objective range  [4e-02, 9e-01]
  Bounds range     [1e+00, 1e+00]
  RHS range        [3e-03, 4e+03]
  QRHS range       [1e+04, 1e+04]
Presolve removed 173 rows and 136 columns
Presolve time: 0.28s
Presolved: 1214 rows, 791 columns, 27255 nonzeros
Presolved model has 2 bilinear constraint(s)

Solving non-convex MIQCP

Variable types: 402 continuous, 389 integer (389 binary)

Root relaxation: objective 2.409840e+04, 1127 iterations, 0.05 seconds (0.04 work units)

    Nodes    |    Current Node    |     Objective Bounds      |     Work
 Expl Unexpl |  Obj  Depth IntInf | Incumbent    BestBd   Gap | It/Node Time

     0     0 24098.4007    0  114          - 24098.4007      -     -    0s
     0     0 19593.4256    0  192          - 19593.4256      -     -    0s
     0     0 19518.8471    0  186          - 19518.8471      -     -    1s
     0     0 17130.3368    0  233          - 17130.3368      -     -    1s
H    0     0                    3488.2310199 17129.8698   391%     -    1s
     0     0 16228.0698    0  266 3488.23102 16228.0698   365%     -    1s
H    0     0                    3507.5167040 13901.0879   296%     -    2s
H    0     0                    3507.5167054 13901.0879   296%     -    2s
     0     0 13901.0879    0  261 3507.51671 13901.0879   296%     -    2s
     0     0 13900.9290    0  258 3507.51671 13900.9290   296%     -    2s
     0     0 13609.8768    0  264 3507.51671 13609.8768   288%     -    3s
     0     0 12636.4737    0  271 3507.51671 12636.4737   260%     -    4s
     0     0 12582.9427    0  277 3507.51671 12582.9427   259%     -    4s
H    0     0                    3507.5390342 12582.9427   259%     -    4s
     0     0 12502.9844    0  266 3507.53903 12502.9844   256%     -    5s
     0     0 12480.4248    0  274 3507.53903 12480.4248   256%     -    5s
     0     0 12439.2139    0  270 3507.53903 12439.2139   255%     -    5s
H    0     0                    3507.5390409 12439.2139   255%     -    8s
     0     0 12348.3512    0  268 3507.53904 12348.3512   252%     -    9s
     0     2 12347.7293    0  268 3507.53904 12347.7293   252%     -    9s
    23    47 9781.77012    5  257 3507.53904 11313.5384   223%   265   10s
H  131   125                    3507.7850668 11313.5384   223%   148   10s
H  210   175                    3507.8344845 10618.5378   203%   126   11s
   810   509 5497.32749   17  202 3507.83448 8884.17064   153%   145   15s
H 1143   616                    3507.8375750 8381.53213   139%   135   16s
H 1466   748                    3507.8451741 8145.65364   132%   130   17s
  1818   937 6190.33650   12  234 3507.84517 7805.88591   123%   129   20s
H 2536  1165                    3507.8451749 7296.13505   108%   126   23s
  2626  1166 6208.25039   11  268 3507.84517 7296.13505   108%   125   28s
  2629  1168 4674.06594   20  208 3507.84517 7296.13505   108%   125   31s
  2633  1171 4338.61867   29  284 3507.84517 7296.13505   108%   125   36s
  2636  1173 7038.60321    9  278 3507.84517 7296.13505   108%   125   40s
  2642  1177 5732.96319   15  279 3507.84517 7296.13505   108%   124   45s
  2647  1180 6470.13973   10  279 3507.84517 7296.13505   108%   124   50s
  2652  1188 7296.13505   12  267 3507.84517 7296.13505   108%   132   55s
  2672  1205 7296.13505   15  179 3507.84517 7296.13505   108%   135   61s
H 2685  1170                    3507.8467734 7296.13505   108%   137   62s
  2800  1169 4776.17157   23  152 3507.84677 7296.13505   108%   139   65s
H 2896  1125                    3507.8491239 7296.13505   108%   141   69s
  2901  1126 3797.68577   28  104 3507.84912 7296.13505   108%   142   71s
  3002  1139 3538.07040   36   32 3507.84912 7296.13505   108%   142   75s
  3109  1108 4192.06135   21  182 3507.84912 7296.13505   108%   142   82s
H 3135  1081                    3507.8505354 7296.13505   108%   145   82s
  3306  1060 3691.99428   28  111 3507.85054 7296.13505   108%   142   86s
  3486  1057 infeasible   26      3507.85054 7287.77032   108%   140   90s
* 3731   988              52    3507.8533145 7101.06944   102%   139   94s
  3746   974 infeasible   33      3507.85331 6914.65245  97.1%   139   97s
* 3795   909              56    3507.8537654 6870.00687  95.8%   139   97s
* 3799   862              59    3507.8538165 6870.00687  95.8%   139   97s
* 3802   817              61    3507.8538229 6870.00687  95.8%   139   97s
  3985   791 infeasible   22      3507.85382 6551.03186  86.8%   137  100s
  4370   779 5198.62895   19  145 3507.85382 6232.22135  77.7%   136  106s
H 4588   707                    3507.8538238 5932.37221  69.1%   136  109s
H 4650   647                    3507.8538250 5875.42296  67.5%   135  109s
  4683   633 3877.65442   27  111 3507.85383 5847.69992  66.7%   134  110s
  4925   597 3739.33328   22  121 3507.85383 5561.43920  58.5%   136  116s
H 5012   639                    3507.8538259 5494.98573  56.6%   137  117s
  5270   615 infeasible   23      3507.85383 5393.46177  53.8%   137  121s
  5524   622 4012.15099   30  151 3507.85383 5307.71577  51.3%   136  126s
  5692   626 3928.01823   25  129 3507.85383 5126.55616  46.1%   138  131s
H 6047   650                    3507.8567776 4960.95856  41.4%   138  134s
H 6047   650                    3507.8682889 4960.95856  41.4%   138  134s
  6055   649 infeasible   26      3507.86829 4957.83136  41.3%   138  137s
H 6352   663                    3507.8788908 4943.72282  40.9%   137  139s
  6448   635 infeasible   25      3507.87889 4880.16317  39.1%   137  142s
H 6512   635                    3507.9197394 4870.06515  38.8%   137  142s
  6553   624 infeasible   26      3507.91974 4849.30331  38.2%   137  145s
  6784   673 3599.84993   30   55 3507.91974 4713.05022  34.4%   138  152s
  7323   654 infeasible   28      3507.91974 4551.19989  29.7%   133  155s
* 7414   654              48    3507.9854857 4523.38378  28.9%   133  155s
* 7416   654              49    3507.9886691 4523.38378  28.9%   133  155s
* 7418   654              50    3507.9893356 4523.38378  28.9%   133  155s
* 7422   654              53    3507.9893774 4523.38378  28.9%   133  155s
* 7425   654              55    3507.9893844 4523.38378  28.9%   133  155s
* 7426   654              55    3507.9893862 4523.38378  28.9%   133  155s
H 7524   628                    3508.0206777 4505.36463  28.4%   134  159s
  7571   593 4115.20966   25  169 3508.02068 4496.77773  28.2%   134  162s
  7718   613 3846.47657   26  132 3508.02068 4393.87117  25.3%   134  165s
H 8283   556                    3508.2799733 4251.34991  21.2%   130  168s
  8510   518 3529.47175   33   34 3508.27997 4200.21670  19.7%   131  171s
H 8770   490                    3508.2799738 4108.69429  17.1%   130  176s
  9278   548 3524.51441   35   29 3508.27997 4071.99234  16.1%   128  183s
H 9286   548                    3508.3658407 4071.99234  16.1%   128  183s
  9651   575 infeasible   29      3508.36584 3960.65738  12.9%   125  187s
 10348   565 infeasible   39      3508.36584 3860.41216  10.0%   121  191s
 12233   948 3589.15086   52   59 3508.36584 3773.98458  7.57%   109  198s
 12658  1501 3545.48733   49   50 3508.36584 3748.60017  6.85%   108  201s
 14589  1469 infeasible   24      3508.36584 3706.66878  5.65%  97.4  208s
 15339  1822 infeasible   47      3508.36584 3693.60738  5.28%  95.2  212s
H16795  1822                    3508.4162915 3690.26646  5.18%  90.0  213s
 17267  1773 infeasible   42      3508.41629 3657.50489  4.25%  88.5  215s
 18829  1828 infeasible   47      3508.41629 3638.86649  3.72%  84.6  221s
H19035  1827                    3508.5831281 3637.11061  3.66%  84.2  221s
 19549  1932 infeasible   52      3508.58313 3627.73279  3.40%  83.3  227s
 20643  1922 infeasible   46      3508.58313 3613.59450  2.99%  80.5  230s
 22139  2153 3512.24996   50   11 3508.58313 3604.88277  2.74%  77.3  235s
 23810  2345 infeasible   39      3508.58313 3592.21640  2.38%  73.9  240s
 25314  2460 3514.98855   43   39 3508.58313 3580.72480  2.06%  71.7  245s
 26884  2360 infeasible   53      3508.58313 3567.23799  1.67%  70.2  252s
 27329  2507 infeasible   47      3508.58313 3564.61566  1.60%  69.8  255s
 29147  2513 3531.29839   47   35 3508.58313 3557.57647  1.40%  67.4  260s
 30775  2516 3531.99656   48   41 3508.58313 3548.10071  1.13%  65.7  265s
 32232  2426 infeasible   77      3508.58313 3542.10899  0.96%  64.4  270s
 33130  2192 infeasible   57      3508.58313 3538.88444  0.86%  63.7  276s
 34448  2120 3526.10533   46   20 3508.58313 3533.99266  0.72%  62.8  282s
 35771  2046 infeasible   56      3508.58313 3530.34675  0.62%  61.6  285s
 37025  2126 3519.17565   53   42 3508.58313 3527.90424  0.55%  60.6  291s
 38462  2027 infeasible   43      3508.58313 3525.72153  0.49%  59.2  297s
 39770  2051 3511.04661   60   24 3508.58313 3523.25729  0.42%  58.3  301s
 42168  1838 3510.47251   63   20 3508.58313 3520.77768  0.35%  56.4  305s
 43443  1647 infeasible   56      3508.58313 3518.41683  0.28%  55.7  310s
*45042  1542              85    3508.5913409 3516.82958  0.23%  54.5  313s
*45046  1542              87    3508.6008144 3516.82958  0.23%  54.5  313s
*45048  1542              88    3508.6148359 3516.82958  0.23%  54.5  313s
*45061  1542              94    3508.6187345 3516.82958  0.23%  54.5  313s
*45067  1542              97    3508.6197201 3516.82958  0.23%  54.5  313s
*45069  1542              98    3508.6197216 3516.82958  0.23%  54.5  313s
H45187  1529                    3508.6197222 3516.35781  0.22%  54.4  315s
H45188  1529                    3508.6197233 3516.35781  0.22%  54.4  315s
 45936  1247 3512.62741   59   28 3508.61972 3515.50608  0.20%  54.0  320s
H47792   898                    3508.6197302 3513.09200  0.13%  52.8  325s
 49467   368 infeasible   75      3508.61973 3511.32471  0.08%  51.8  330s

Cutting planes:
  Learned: 3
  Gomory: 14
  Cover: 309
  Implied bound: 112
  Projected implied bound: 493
  Clique: 88
  MIR: 611
  StrongCG: 1
  Flow cover: 558
  Inf proof: 10
  RLT: 200
  Relax-and-lift: 458
  BQP: 20
  PSD: 3

Explored 50751 nodes (2606799 simplex iterations) in 334.76 seconds (186.64 work units)
Thread count was 8 (of 12 available processors)

Solution count 10: 3508.62 3508.62 3508.62 ... 3508.42

Optimal solution found (tolerance 1.00e-04)
Best objective 3.508619722216e+03, best bound 3.508619730244e+03, gap 0.0000%

