Solver command line: []

Read LP format model from file /var/folders/2j/t8d8dcsn1tg5sc8l4kz4_4ch0000gn/T/tmpm562lh4x.pyomo.lp
Reading time = 0.07 seconds
x1: 6856 rows, 4572 columns, 115115 nonzeros
Set parameter Threads to value 8
Set parameter NonConvex to value 2
Gurobi Optimizer version 12.0.1 build v12.0.1rc0 (mac64[x86] - Darwin 24.5.0 24F74)

CPU model: Intel(R) Core(TM) i7-9750H CPU @ 2.60GHz
Thread count: 6 physical cores, 12 logical processors, using up to 8 threads

Non-default parameters:
NonConvex  2
Threads  8

Optimize a model with 6856 rows, 4572 columns and 115115 nonzeros
Model fingerprint: 0x74114a37
Model has 9 quadratic constraints
Variable types: 2322 continuous, 2250 integer (2250 binary)
Coefficient statistics:
  Matrix range     [3e-07, 1e+03]
  QMatrix range    [1e+00, 1e+00]
  Objective range  [1e-04, 4e-01]
  Bounds range     [1e+00, 1e+00]
  RHS range        [5e-04, 5e+03]
  QRHS range       [1e+04, 1e+04]
Presolve removed 277 rows and 208 columns
Presolve time: 1.33s
Presolved: 6583 rows, 4367 columns, 111733 nonzeros
Presolved model has 2 bilinear constraint(s)

Solving non-convex MIQCP

Variable types: 2197 continuous, 2170 integer (2170 binary)

Root relaxation: objective 6.042003e+04, 2802 iterations, 0.11 seconds (0.06 work units)

    Nodes    |    Current Node    |     Objective Bounds      |     Work
 Expl Unexpl |  Obj  Depth IntInf | Incumbent    BestBd   Gap | It/Node Time

     0     0 60420.0298    0  222          - 60420.0298      -     -    2s
     0     0 32130.8121    0  552          - 32130.8121      -     -    6s
     0     0 31556.7104    0  630          - 31556.7104      -     -    6s
     0     0 27109.9849    0  776          - 27109.9849      -     -   12s
     0     0 27109.9849    0  776          - 27109.9849      -     -   12s
     0     0 26771.2695    0  783          - 26771.2695      -     -   15s
     0     0 22815.9257    0  908          - 22815.9257      -     -   27s
     0     0 22717.3508    0  964          - 22717.3508      -     -   29s
     0     0 21872.7660    0 1003          - 21872.7660      -     -   36s
     0     0 21778.2193    0 1048          - 21778.2193      -     -   42s
     0     0 21702.7952    0 1099          - 21702.7952      -     -   45s
     0     0 21693.1175    0 1114          - 21693.1175      -     -   47s
     0     0 21639.9786    0 1115          - 21639.9786      -     -   56s
     0     0 21628.4871    0 1128          - 21628.4871      -     -   59s
     0     0 21559.7816    0 1108          - 21559.7816      -     -   64s
     0     0 21559.6134    0 1085          - 21559.6134      -     -   74s
     0     2 21559.0322    0 1084          - 21559.0322      -     -   76s
     1     4 19303.1429    1 1063          - 21559.0322      -  7277   82s
     3     8 19075.5672    2 1064          - 20855.9205      -  7561   85s
     7    16 19073.0135    3 1062          - 20751.3244      -  5108   90s
    23    62 14222.5877    5 1042          - 19822.8770      -  4109   99s
    61   102 13449.8859    8 1045          - 19822.8770      -  1800  100s
   164   182 12466.0293   16 1041          - 19822.8770      -   882  105s
   254   274 10064.6824   22 1028          - 19822.8770      -   696  110s
   355   378 8861.26269   30 1040          - 19822.8770      -   596  115s
   456   494 8052.72697   36 1027          - 19822.8770      -   535  120s
   615   658 7116.14672   49 1014          - 19822.8770      -   461  126s
   693   709 5938.68189   54 1012          - 19822.8770      -   440  130s
   813   840 infeasible   68               - 19822.8770      -   411  136s
   912   932 5107.27015   73  976          - 19822.8770      -   395  140s
  1006  1020 5096.21139   81  977          - 19822.8770      -   383  146s
  1114  1148 4901.72323   88  962          - 19387.1038      -   375  151s
  1248  1262 4503.81787   97  939          - 19387.1038      -   362  158s
  1307  1347 4315.05114  101  934          - 19072.6738      -   358  160s
  1485  1508 3908.02524  113  928          - 19072.6738      -   343  166s
  1642  1665 3256.42147  126  890          - 19072.6738      -   334  171s
  1820  1820 3099.91115  138  879          - 19072.6738      -   327  176s
  1899  1892 3066.74514  140  883          - 19072.6738      -   322  181s
  1989  1925 3013.78143  146  871          - 19072.6738      -   318  186s
  2042  1985 infeasible  154               - 19072.6738      -   315  190s
  2120  2058 infeasible  157               - 17908.3794      -   314  195s
  2294  2233 10279.3588   11 1033          - 17908.3794      -   313  202s
  2401  2235 4930.40875   83  295          - 17908.3794      -   312  208s
  2402  2236 5086.03018   75  660          - 17908.3794      -   312  217s
  2403  2237 5005.92102   44  939          - 17908.3794      -   312  223s
  2404  2237 3651.55813  139 1063          - 17908.3794      -   312  229s
  2405  2238 5148.26916   64 1129          - 17908.3794      -   311  235s
  2406  2239 11752.5742   20 1155          - 17908.3794      -   311  243s
  2407  2239 9755.13806   15 1184          - 17908.3794      -   311  250s
  2408  2240 14401.1994    9 1175          - 17908.3794      -   311  260s
  2409  2241 3640.32081  139 1216          - 17908.3794      -   311  270s
  2410  2241 9445.75373   42 1221          - 17908.3794      -   311  277s
  2411  2242 6641.46754   45 1242          - 17908.3794      -   311  283s
  2412  2243 3588.94907  152 1247          - 17908.3794      -   310  295s
  2413  2243 5190.45325   68 1270          - 17908.3794      -   310  301s
  2414  2244 8752.58534   18 1261          - 17908.3794      -   310  308s
  2415  2245 4127.78446  114 1267          - 17908.3794      -   310  314s
  2416  2245 10631.4800   21 1258          - 17908.3794      -   310  323s
  2417  2246 3596.80522  134 1262          - 17908.3794      -   310  327s
  2418  2247 9026.92346   24 1276          - 17908.3794      -   310  335s
  2419  2247 3587.23466  122 1294          - 17908.3794      -   310  340s
  2420  2248 9249.15539   13 1273          - 17908.3794      -   309  349s
  2421  2249 3399.45563  156 1289          - 17856.2705      -   309  355s
  2422  2249 8456.30502   41 1244          - 17856.2705      -   309  364s
  2423  2250 5126.48451   73 1255          - 17829.9681      -   309  369s
  2424  2251 5102.87115   76 1264          - 17828.4914      -   309  377s
  2425  2251 3677.11404  137 1270          - 17793.4236      -   309  382s
  2426  2252 8353.96612   32 1285          - 17568.2495      -   309  393s
  2427  2253 5018.56928   71 1289          - 17568.2495      -   309  400s
  2428  2253 3944.62496  109 1285          - 17568.2495      -   308  418s
  2429  2254 11957.3779   17 1290          - 16990.7744      -   308  423s
  2430  2255 3399.51341  160 1291          - 16990.7744      -   308  444s
  2431  2255 5036.40527   44 1299          - 16990.7744      -   308  454s
  2432  2256 7780.54093   48 1270          - 16990.7744      -   308  468s
  2433  2257 4224.71276   95 1283          - 16990.7744      -   308  478s
  2434  2257 7647.78479   20 1281          - 16971.6364      -   308  486s
  2435  2258 5873.15477   53 1285          - 16952.8455      -   308  490s
  2436  2259 11571.5518   10 1298          - 16920.7524      -   307  499s
  2437  2259 3510.52554  131 1308          - 16907.7863      -   307  503s
  2438  2260 5294.90409   69 1294          - 16855.8058      -   307  512s
  2439  2261 15092.1842   19 1298          - 16839.6999      -   307  518s
  2440  2261 6344.24548   33 1294          - 16766.4666      -   307  529s
  2441  2262 4486.54611   85 1299          - 16745.4632      -   307  535s
  2442  2263 3688.78055  132 1294          - 16615.6183      -   307  546s
  2443  2263 10761.3371   24 1300          - 16600.9578      -   307  551s
  2444  2264 3833.98597  126 1297          - 16559.8648      -   306  561s
  2445  2265 7766.25184   47 1309          - 16555.5650      -   306  567s
  2446  2265 3696.85197  124 1299          - 16535.3386      -   306  578s
  2447  2266 7977.92966   15 1312          - 16525.7043      -   306  584s
  2448  2267 3588.10767  156 1303          - 16499.6745      -   306  594s
  2449  2267 11549.1434   19 1311          - 16491.8688      -   306  599s
  2450  2268 5850.83892   56 1305          - 16485.0965      -   306  607s
  2451  2269 5603.55975   58 1331          - 16480.3958      -   306  613s
  2452  2269 4001.48622  112 1325          - 16453.4409      -   305  621s
  2453  2270 6997.57447   53 1330          - 16450.4079      -   305  625s
  2454  2271 5060.41723   79 1323          - 16444.0098      -   305  635s
  2455  2271 5193.98506   71 1341          - 16442.1418      -   305  642s
  2456  2272 12279.6170   12 1322          - 16403.3305      -   305  653s
  2457  2273 11223.9044   15 1339          - 16397.7953      -   305  670s
  2458  2273 6955.82744   25 1335          - 16387.0143      -   305  677s
  2459  2274 6562.78929   54 1341          - 16385.8699      -   305  686s
  2460  2275 9809.38969   27 1324          - 16355.0647      -   304  704s
  2461  2275 7352.54895   19 1330          - 16345.4392      -   304  735s
  2462  2276 3909.39880  110 1318          - 16317.5665      -   304  749s
  2463  2277 4781.41818   78 1325          - 16309.6509      -   304  755s
  2464  2277 3596.79302  134 1327          - 16275.1135      -   304  774s
  2465  2278 13327.4061    9 1333          - 16267.7158      -   304  784s
  2466  2279 6817.42700   26 1323          - 16260.4246      -   304  797s
  2467  2279 11411.6857   19 1325          - 16256.2065      -   304  805s
  2468  2280 8907.62511   27 1348          - 16246.6825      -   303  823s
  2469  2281 5102.87115   76 1345          - 16241.4877      -   303  832s
  2470  2281 4583.22297   79 1340          - 16231.9033      -   303  845s
  2471  2282 10833.9254   12 1345          - 16230.5241      -   303  853s
  2472  2283 9848.11484   24 1346          - 16224.5882      -   303  868s
  2473  2283 13428.9444    8 1356          - 16221.3729      -   303  878s
  2474  2284 8198.50843   43 1353          - 16207.1988      -   303  890s
  2475  2285 3630.54770  130 1354          - 16204.5975      -   303  896s
  2476  2285 3878.13681  108 1351          - 16183.9449      -   302  912s
  2477  2286 10109.3562   27 1352          - 16182.4995      -   302  918s
  2478  2287 3066.74514  141 1355          - 16175.7347      -   302  926s
  2479  2287 13024.1214   11 1368          - 16158.1879      -   302  933s
  2480  2288 4581.91291   91 1345          - 16153.7110      -   302  944s
  2481  2289 5170.71662   39 1366          - 16152.5746      -   302  949s
  2482  2289 4221.20555  108 1351          - 16136.3128      -   302  961s
  2483  2290 5430.84629   68 1359          - 16132.9201      -   302  968s
  2484  2291 8231.69954   41 1351          - 16093.9789      -   301  986s
  2485  2291 4294.53192   96 1353          - 16078.8033      -   301 1019s
  2486  2292 4112.31571  107 1350          - 16076.3174      -   301 1031s
  2487  2293 8752.58534   18 1360          - 16074.8550      -   301 1039s
  2488  2293 3970.52189  115 1332          - 16058.7616      -   301 1056s
  2489  2294 3487.71251  135 1360          - 16053.5443      -   301 1066s
  2490  2295 4929.39829   81 1354          - 16047.2200      -   301 1082s
  2491  2295 9473.58509   40 1362          - 16045.7115      -   301 1088s
  2492  2296 3594.98984  146 1356          - 16012.8222      -   301 1100s
  2493  2297 3663.68701  123 1358          - 15999.1535      -   300 1108s
  2494  2297 12486.8773   10 1355          - 15991.0911      -   300 1121s
  2495  2298 3633.80345  122 1360          - 15988.1554      -   300 1127s
  2496  2299 8787.04528   31 1347          - 15984.5456      -   300 1137s
  2497  2299 11290.5211   14 1356          - 15977.4136      -   300 1145s
  2498  2300 9445.75373   42 1351          - 15952.7115      -   300 1157s
  2499  2301 3510.42830  132 1371          - 15949.1210      -   300 1178s
  2500  2301 8535.63890   40 1365          - 15926.3121      -   300 1194s
  2501  2302 4930.40875   83 1368          - 15918.3510      -   299 1199s
  2502  2303 5086.03018   75 1364          - 15908.8523      -   299 1213s
  2503  2303 5005.92102   44 1376          - 15908.2309      -   299 1218s
  2504  2304 3651.55813  139 1379          - 15907.7548      -   299 1223s
  2505  2305 5148.26916   64 1378          - 15906.9525      -   299 1228s
  2506  2305 11752.5742   20 1392          - 15905.1177      -   299 1237s
  2508  2307 14401.1994    9 1385          - 15905.1177      -   299 1273s
  2509  2309 13339.4593   10 1352          - 15905.1177      -   579 1299s
  2510  2312 12452.5056   11 1339          - 15905.1177      -   580 1316s
  2513  2317 10797.0125   12 1320          - 14461.0016      -   597 1350s
  2519  2323 8711.42188   13 1312          - 13646.5619      -   626 1362s
  2527  2333 8094.61474   14 1305          - 13254.5831      -   637 1402s
  2540  2358 7456.01569   15 1300          - 13254.5831      -   669 1436s
  2569  2365 6549.38149   18 1301          - 13254.5831      -   675 1465s
  2586  2395 6826.06489   18 1289          - 13254.5831      -   677 1476s
  2621  2407 6482.60851   21 1268          - 13254.5831      -   677 1483s
  2645  2422 6121.63578   22 1273          - 13254.5831      -   677 1489s
  2668  2440 5955.55528   24 1273          - 13254.5831      -   677 1495s
  2694  2459 5962.64948   25 1266          - 13254.5831      -   675 1500s
  2721  2470 5509.66486   27 1237          - 13254.5831      -   673 1505s
  2741  2484 5361.64227   28 1260          - 13254.5831      -   672 1510s
  2785  2517 5268.22823   31 1237          - 13254.5831      -   671 1520s
  2810  2532 5022.74050   33 1220          - 13254.5831      -   670 1525s
  2833  2551 5060.35464   34 1215          - 13254.5831      -   668 1531s
  2860  2567 4551.35745   36 1192          - 13254.5831      -   667 1538s
  2885  2583 4681.04886   38 1206          - 13254.5831      -   666 1545s
  2909  2598 4591.91506   39 1205          - 13254.5831      -   666 1564s
  2934  2617 4406.24019   41 1196          - 13254.5831      -   665 1572s
  2963  2637 4531.08959   43 1187          - 13254.5831      -   664 1580s
  2995  2655 4504.10322   46 1183          - 13254.5831      -   661 1594s
  3028  2676 4261.43254   48 1181          - 13254.5831      -   660 1608s
  3062  2681 4203.76455   50 1180          - 13254.5831      -   659 1618s
  3078  2708 4164.15692   51 1180          - 13254.5831      -   658 1628s
  3112  2742 4092.35224   53 1171          - 13254.5831      -   658 1643s
  3160  2769 3889.06587   57 1155          - 13254.5831      -   657 1650s
  3203  2815 3853.63429   59 1142          - 13254.5831      -   656 1657s
  3263  2857 3725.56476   63 1099          - 13254.5831      -   654 1664s
  3325  2907 3736.72155   67 1095          - 13254.5831      -   653 1680s
  3396  2953 3562.97588   73 1072          - 13254.5831      -   654 1688s
  3465  2999 3533.25723   78 1060          - 13254.5831      -   650 1700s
  3542  3021 3526.07577   83 1055          - 13254.5831      -   646 1708s
  3614  3061 3403.45203   89 1030          - 13254.5831      -   640 1718s
  3706  3060 3396.98195   93 1039          - 13254.5831      -   634 1739s
  3744  3117 3386.19436   94 1034          - 13254.5831      -   633 1749s
  3815  3153 3377.94074   98 1019          - 13254.5831      -   629 1769s
  3893  3199 3368.59417  104 1031          - 13254.5831      -   626 1795s
  3983  3213 infeasible  112               - 12414.3034      -   623 1815s
  4043  3235 3344.94065  112 1016          - 12414.3034      -   621 1839s
  4099  3285 3340.33602  116 1005          - 12414.3034      -   620 1861s
  4180  3359 infeasible  121               - 12414.3034      -   615 1884s
  4301  3383 3300.27908  130  979          - 12414.3034      -   608 1917s
  4385  3426 3250.13577  133  990          - 12414.3034      -   605 1945s
  4468  3419 infeasible  136               - 12414.3034      -   603 1979s
  4499  3448 infeasible  136               - 12414.3034      -   602 2016s
  4560  3483 infeasible  136               - 12414.3034      -   600 2048s
  4641  3474 infeasible  136               - 12414.3034      -   596 2077s
  4687  3499 3242.91805  134  981          - 12414.3034      -   597 2105s
  4754  3529 infeasible  137               - 12414.3034      -   595 2135s
  4828  3582 infeasible  137               - 12253.5701      -   595 2166s
  4914  3658 infeasible  137               - 12253.5701      -   595 2193s
  5034  3753 3238.47543  135  981          - 11919.9529      -   592 2221s
  5177  3816 infeasible  137               - 11919.9529      -   590 2253s
  5310  3895 3236.93773  136  983          - 11919.9529      -   587 2283s
  5447  3965 infeasible  137               - 11919.9529      -   584 2338s
  5593  4078 6219.25263   20 1274          - 11919.9529      -   583 2367s
  5765  4145 4978.59842   28 1227          - 11919.9529      -   582 2399s
  5897  4304 4361.35779   40 1203          - 11919.9529      -   580 2446s
  6116  4376 3984.59702   47 1175          - 11919.9529      -   575 2489s
  6297  4427 3809.51727   52 1168          - 11919.9529      -   569 2534s
  6434  4552 3710.95322   63 1122          - 11319.3210      -   569 2574s
  6641  4723 9062.18984   15 1294          - 10962.9386      -   565 2623s
  6901  4742 6083.41869   22 1275          - 10962.9386      -   559 2680s
  7077  4767 5281.74271   31 1237          - 10962.9386      -   556 2735s
  7200  4818 4518.48632   44 1200          - 10962.9386      -   556 2803s
  7332  4923 4384.05089   46 1192          - 10962.9386      -   554 2876s
  7499  5000 4075.51272   57 1151          - 10962.9386      -   556 2925s
  7680  5211 3611.81437   68 1108          - 10962.9386      -   554 2974s
  7985  5324 5967.79111   21 1266          - 10962.9386      -   551 3020s
  8228  5614 4974.36478   27 1236          - 10797.0125      -   548 3072s
  8629  5653 4100.60179   45 1189          - 10538.8847      -   541 3125s
  8854  5827 3778.11164   60 1135          - 10538.8847      -   539 3189s
  9129  5985 3654.98092   69 1139          - 10538.8847      -   536 3246s
  9426  6020 3519.31948  101 1046          - 10538.8847      -   535 3310s
  9626  6283 3492.76826  112 1046          - 10538.8847      -   534 3397s
  9954  6478 infeasible  116               - 10538.8847      -   531 3460s
 10201  6670 3460.65198  119 1018          - 9843.92086      -   530 3523s
 10435  6957 3454.30605  120 1030          - 9843.92086      -   528 3587s
 10760  7390 3441.37714  125 1026          - 9843.92086      -   527 3658s
 11267  7534 3415.57881  133 1013          - 9843.92086      -   519 3737s
 11559  7977 6591.94459   23 1314          - 9843.92086      -   515 3832s
 12058  8288 4236.27873   52 1202          - 9843.92086      -   512 3917s
 12423  8490 3584.34072   83 1076          - 9843.92086      -   512 4000s
 12663  8874 3546.22688   88 1060          - 9843.92086      -   514 4086s
 13195  9260 5734.55260   24 1239          - 9665.20328      -   508 4179s
 13625  9971 3913.06873   45 1176          - 9516.92213      -   507 4290s
 14396 10514 infeasible   88               - 9315.29189      -   500 4410s
 15081 10810 5891.58912   25 1215          - 9315.29189      -   494 4550s
 15493 11264 5141.72561   30 1181          - 9228.63303      -   492 4717s
 16071 11873 4190.25860   46 1160          - 9228.63303      -   491 4867s
 16784 12376 infeasible   51               - 9125.22984      -   490 4992s
 17443 12994 4916.02812   38 1225          - 9092.85026      -   494 5168s
 18249 13467 infeasible   82               - 9062.18984      -   490 5341s
 18820 13860 5002.07273   34 1253          - 8975.46401      -   488 5497s
 19415 14663 3666.47255   65 1094          - 8893.02232      -   485 5703s
 20400 15181 infeasible  115               - 8836.39610      -   479 5848s
 21060 15630 3859.28968   47 1156          - 8836.39610      -   480 6027s
 21625 16146 4882.29099   37 1250          - 8836.39610      -   479 6225s
 22300 16884 infeasible   92               - 8754.04670      -   482 6410s
 23202 17360 3475.03658   96 1054          - 8742.41312      -   479 6574s
 23820 18000 infeasible   97               - 8742.41312      -   477 6779s

Cutting planes:
  Gomory: 2
  Cover: 58
  Implied bound: 53
  Projected implied bound: 712
  Clique: 25
  MIR: 626
  Mixing: 1
  Flow cover: 533
  RLT: 25
  Relax-and-lift: 167
  PSD: 1

Explored 24664 nodes (11948025 simplex iterations) in 6779.39 seconds (5250.82 work units)
Thread count was 8 (of 12 available processors)

Solution count 0

Solve interrupted
Best objective -, best bound 8.600780735533e+03, gap -

