Solver command line: []

Read LP format model from file /var/folders/2j/t8d8dcsn1tg5sc8l4kz4_4ch0000gn/T/tmp3y_rqcxq.pyomo.lp
Reading time = 0.06 seconds
x1: 2806 rows, 1872 columns, 54590 nonzeros
Set parameter Threads to value 8
Set parameter NonConvex to value 2
Gurobi Optimizer version 12.0.1 build v12.0.1rc0 (mac64[x86] - Darwin 24.5.0 24F74)

CPU model: Intel(R) Core(TM) i7-9750H CPU @ 2.60GHz
Thread count: 6 physical cores, 12 logical processors, using up to 8 threads

Non-default parameters:
NonConvex  2
Threads  8

Optimize a model with 2806 rows, 1872 columns and 54590 nonzeros
Model fingerprint: 0xcbe23e7c
Model has 9 quadratic constraints
Variable types: 972 continuous, 900 integer (900 binary)
Coefficient statistics:
  Matrix range     [2e-06, 1e+03]
  QMatrix range    [1e+00, 1e+00]
  Objective range  [1e-03, 3e-01]
  Bounds range     [1e+00, 1e+00]
  RHS range        [9e-03, 5e+03]
  QRHS range       [1e+04, 1e+04]
Presolve removed 701 rows and 469 columns
Presolve time: 0.78s
Presolved: 2108 rows, 1406 columns, 36207 nonzeros
Presolved model has 2 bilinear constraint(s)

Solving non-convex MIQCP

Variable types: 728 continuous, 678 integer (678 binary)
Found heuristic solution: objective 3444.9351150

Root relaxation: objective 3.403872e+04, 1143 iterations, 0.04 seconds (0.05 work units)

    Nodes    |    Current Node    |     Objective Bounds      |     Work
 Expl Unexpl |  Obj  Depth IntInf | Incumbent    BestBd   Gap | It/Node Time

     0     0 34038.7201    0  252 3444.93511 34038.7201   888%     -    1s
     0     0 29684.7973    0  233 3444.93511 29684.7973   762%     -    1s
     0     0 29684.4644    0  233 3444.93511 29684.4644   762%     -    2s
     0     0 27649.5950    0  220 3444.93511 27649.5950   703%     -    3s
     0     0 17404.5639    0  315 3444.93511 17404.5639   405%     -    4s
     0     0 17404.5639    0  314 3444.93511 17404.5639   405%     -    4s
H    0     0                    3444.9351165 17404.5639   405%     -    5s
     0     0 15909.0822    0  336 3444.93512 15909.0822   362%     -    5s
     0     0 13454.0405    0  341 3444.93512 13454.0405   291%     -    7s
     0     0 13454.0405    0  319 3444.93512 13454.0405   291%     -    7s
     0     0 12962.3501    0  337 3444.93512 12962.3501   276%     -    8s
     0     0 11968.7439    0  380 3444.93512 11968.7439   247%     -   10s
     0     0 11618.0520    0  381 3444.93512 11618.0520   237%     -   12s
     0     0 11119.9356    0  390 3444.93512 11119.9356   223%     -   13s
H    0     0                    3457.3569572 11119.9356   222%     -   13s
     0     0 10908.0505    0  396 3457.35696 10908.0505   216%     -   14s
     0     0 10908.0505    0  403 3457.35696 10908.0505   216%     -   14s
     0     0 10704.0217    0  399 3457.35696 10704.0217   210%     -   14s
     0     0 10673.7347    0  400 3457.35696 10673.7347   209%     -   14s
     0     0 10445.6027    0  384 3457.35696 10445.6027   202%     -   15s
     0     0 9984.20842    0  388 3457.35696 9984.20842   189%     -   19s
H    0     0                    3471.2723265 9984.20842   188%     -   19s
     0     2 9984.20842    0  388 3471.27233 9984.20842   188%     -   20s
H   26    23                    3475.4577876 9984.20842   187%   452   21s
H   79    49                    3481.6295735 9984.20842   187%   306   22s
H   85    49                    3482.5036760 9984.20842   187%   297   22s
H  139    70                    3483.7039655 9984.20842   187%   261   23s
H  150    70                    3490.7578058 9984.20842   186%   246   23s
*  253   133              35    3502.0667614 9984.20842   185%   198   24s
*  574   285              50    3502.4348959 9984.20842   185%   134   24s
   603   292 4985.84709   47  179 3502.43490 9984.20842   185%   135   25s
* 1033   456              48    3502.6053941 9286.83564   165%   115   27s
  2296  1005 infeasible   27      3502.60539 7905.59400   126%  81.5   30s
  2575  1071 3997.77830   36  233 3502.60539 7744.15391   121%  78.7   37s
  2577  1072 6709.38473   28  272 3502.60539 7744.15391   121%  78.6   42s
  2579  1074 4823.38098   56  366 3502.60539 7744.15391   121%  78.6   48s
  2581  1075 5447.96788   19  364 3502.60539 7744.15391   121%  78.5   52s
  2584  1077 6416.18778   18  362 3502.60539 7744.15391   121%  78.4   55s
  2585  1081 7744.15391   13  246 3502.60539 7744.15391   121%  82.1   61s
  2601  1083 7744.15391   17  219 3502.60539 7744.15391   121%  83.1   65s
  2617  1089 7617.93082   19  293 3502.60539 7744.15391   121%  85.0   71s
  2681  1105 infeasible   22      3502.60539 7744.15391   121%  85.2   75s
H 2707  1051                    3514.4075441 7744.15391   120%  86.4   79s
  2719  1073 5503.09783   25  213 3514.40754 7744.15391   120%  86.4   80s
H 2835  1027                    3516.2336963 7744.15391   120%  85.1   81s
H 2884   962                    3520.0697132 7744.15391   120%  85.2   84s
H 2962   951                    3522.6065789 7744.15391   120%  85.0   85s
H 3137   830                    3524.9593056 6878.83785  95.1%  86.0   89s
H 3146   785                    3533.0227421 6878.83785  94.7%  86.1   89s
  3153   768 infeasible   30      3533.02274 6878.83785  94.7%  86.1   90s
H 3176   775                    3535.1324916 6707.89328  89.7%  86.4   90s
H 3204   727                    3535.6267300 6707.89328  89.7%  85.8   90s
H 3411   676                    3535.7210018 6279.83357  77.6%  85.0   92s
H 3518   616                    3537.2206961 5926.17963  67.5%  85.4   94s
H 3537   577                    3537.7903271 5926.17963  67.5%  85.3   94s
H 3590   576                    3537.9326673 5926.17963  67.5%  84.9   94s
  3708   518 infeasible   59      3537.93267 5926.17963  67.5%  83.2   96s
  4512   551 infeasible   50      3537.93267 5109.02978  44.4%  79.3  100s
H 4867   570                    3538.0105620 4869.50989  37.6%  77.6  102s
H 4867   570                    3538.0180114 4869.50989  37.6%  77.6  102s
  5139   544 3784.11601   39  120 3538.01801 4690.96156  32.6%  76.4  107s
  5722   593 infeasible   26      3538.01801 4441.90069  25.5%  73.1  110s
  6678   841 infeasible   31      3538.01801 4164.38234  17.7%  69.6  115s
  7475   909 infeasible   43      3538.01801 4097.65853  15.8%  67.1  120s
H 8252   942                    3538.0180683 4004.48851  13.2%  65.3  122s
  8907   852 infeasible   39      3538.01807 3924.06271  10.9%  64.4  125s
  9603   783 3644.41304   41   98 3538.01807 3838.54372  8.49%  63.8  131s
 10654   690 infeasible   44      3538.01807 3745.87687  5.88%  62.3  136s
 11686   575 infeasible   34      3538.01807 3692.48607  4.37%  60.3  140s
 12835   481 3602.95365   47   38 3538.01807 3642.57459  2.96%  58.2  145s
 14173   188 infeasible   50      3538.01807 3598.57292  1.71%  56.4  150s
H14933     8                    3538.0180804 3563.11197  0.71%  55.6  153s

Cutting planes:
  Learned: 1
  Gomory: 43
  Cover: 62
  Implied bound: 104
  Projected implied bound: 50
  Clique: 53
  MIR: 100
  Flow cover: 76
  Inf proof: 11
  RLT: 51
  Relax-and-lift: 92
  BQP: 10

Explored 14993 nodes (844480 simplex iterations) in 153.83 seconds (112.27 work units)
Thread count was 8 (of 12 available processors)

Solution count 10: 3538.02 3538.02 3538.01 ... 3533.02

Optimal solution found (tolerance 1.00e-04)
Best objective 3.538018080384e+03, best bound 3.538018080384e+03, gap 0.0000%

