Solver command line: []

Read LP format model from file /var/folders/2j/t8d8dcsn1tg5sc8l4kz4_4ch0000gn/T/tmpbuf8c4ep.pyomo.lp
Reading time = 0.04 seconds
x1: 4426 rows, 2952 columns, 59720 nonzeros
Set parameter Threads to value 8
Set parameter NonConvex to value 2
Gurobi Optimizer version 12.0.1 build v12.0.1rc0 (mac64[x86] - Darwin 24.5.0 24F74)

CPU model: Intel(R) Core(TM) i7-9750H CPU @ 2.60GHz
Thread count: 6 physical cores, 12 logical processors, using up to 8 threads

Non-default parameters:
NonConvex  2
Threads  8

Optimize a model with 4426 rows, 2952 columns and 59720 nonzeros
Model fingerprint: 0x3d09e851
Model has 9 quadratic constraints
Variable types: 1512 continuous, 1440 integer (1440 binary)
Coefficient statistics:
  Matrix range     [2e-05, 1e+03]
  QMatrix range    [1e+00, 1e+00]
  Objective range  [1e-04, 4e-01]
  Bounds range     [1e+00, 1e+00]
  RHS range        [7e-04, 5e+03]
  QRHS range       [1e+04, 1e+04]
Presolve removed 288 rows and 193 columns
Presolve time: 0.48s
Presolved: 4141 rows, 2762 columns, 55829 nonzeros
Presolved model has 2 bilinear constraint(s)

Solving non-convex MIQCP

Variable types: 1392 continuous, 1370 integer (1370 binary)

Root relaxation: objective 6.693154e+03, 4932 iterations, 0.20 seconds (0.19 work units)

    Nodes    |    Current Node    |     Objective Bounds      |     Work
 Expl Unexpl |  Obj  Depth IntInf | Incumbent    BestBd   Gap | It/Node Time

     0     0 6693.15449    0  165          - 6693.15449      -     -    1s
     0     0 5770.84570    0  471          - 5770.84570      -     -    2s
     0     0 5770.84570    0  471          - 5770.84570      -     -    2s
     0     0 5770.84570    0  457          - 5770.84570      -     -    3s
     0     0 5599.87598    0  646          - 5599.87598      -     -    4s
     0     0 5599.87598    0  646          - 5599.87598      -     -    4s
     0     0 5572.34804    0  675          - 5572.34804      -     -    5s
     0     0 5508.06826    0  728          - 5508.06826      -     -    6s
     0     0 5508.06772    0  728          - 5508.06772      -     -    6s
     0     0 5474.07228    0  773          - 5474.07228      -     -    7s
     0     0 5441.39943    0  804          - 5441.39943      -     -    8s
     0     0 5441.39933    0  807          - 5441.39933      -     -    8s
     0     0 5433.37204    0  837          - 5433.37204      -     -   10s
     0     0 5425.60934    0  834          - 5425.60934      -     -   11s
     0     0 5424.24159    0  851          - 5424.24159      -     -   12s
     0     0 5419.96765    0  857          - 5419.96765      -     -   13s
     0     0 5419.92819    0  846          - 5419.92819      -     -   16s
H    0     0                    3492.4090170 5419.90771  55.2%     -   18s
     0     2 5419.90771    0  846 3492.40902 5419.90771  55.2%     -   20s
     7    16 5231.48842    3  755 3492.40902 5393.48133  54.4%  2589   25s
    23    33 4579.45364    5  783 3492.40902 5375.03533  53.9%  3328   30s
    43    65 4461.71535    7  756 3492.40902 5375.03533  53.9%  3564   36s
    79    92 4416.71160    8  733 3492.40902 5375.03533  53.9%  2996   41s
   118   132 4370.09260    9  732 3492.40902 5375.03533  53.9%  2554   46s
   169   182 4226.96863   14  720 3492.40902 5375.03533  53.9%  2096   50s
H  172   182                    3492.6579114 5375.03533  53.9%  2117   50s
H  241   240                    3492.6579126 5375.03533  53.9%  1797   54s
   245   261 4130.74128   18  691 3492.65791 5375.03533  53.9%  1810   56s
   300   308 4074.48080   20  713 3492.65791 5375.03533  53.9%  1805   60s
H  316   322                    3492.6967722 5375.03533  53.9%  1821   62s
   351   361 4042.11700   21  707 3492.69677 5375.03533  53.9%  1841   65s
   431   462 3959.82671   24  697 3492.69677 5375.03533  53.9%  1751   71s
   485   528 3952.45926   26  676 3492.69677 5375.03533  53.9%  1673   75s
   711   792 3750.63207   32  645 3492.69677 5375.03533  53.9%  1291   80s
  1038   990 3713.02440   38  589 3492.69677 5369.80388  53.7%   957   86s
  1217  1149 3646.65954   46  544 3492.69677 5304.05347  51.9%   899   91s
  1341  1267 3587.37064   68  484 3492.69677 5300.77699  51.8%   877   96s
  1505  1383 5076.39247    6  789 3492.69677 5300.77699  51.8%   841  101s
  1585  1456 4780.49162   13  764 3492.69677 5300.77699  51.8%   856  108s
  1630  1457 3557.85446   87  846 3492.69677 5300.77699  51.8%   859  115s
  1633  1459 3687.67219   29  435 3492.69677 5300.77699  51.8%   858  124s
  1634  1460 3612.19724   54  586 3492.69677 5300.77699  51.8%   857  126s
  1635  1460 4980.09464    8  728 3492.69677 5300.77699  51.8%   857  130s
  1638  1462 3838.46997   21  850 3492.69677 5238.65017  50.0%   855  136s
  1639  1463 4385.47324   26  840 3492.69677 5209.22746  49.1%   854  140s
  1641  1464 4051.56071   33  867 3492.69677 5170.17496  48.0%   853  146s
  1643  1466 3986.62251   20  871 3492.69677 5146.34433  47.3%   852  151s
H 1644  1392                    3492.6967729 5100.85888  46.0%   852  155s
  1646  1394 3593.00472   66  913 3492.69677 4939.56125  41.4%   851  160s
H 1647  1324                    3492.6967738 4939.56125  41.4%   850  165s
  1649  1326 3625.33372   49  873 3492.69677 4939.56125  41.4%   849  170s
  1651  1327 3587.98249   90  895 3492.69677 4939.56125  41.4%   848  176s
  1653  1328 3568.51815   75  881 3492.69677 4939.56125  41.4%   847  183s
  1654  1329 3839.28762   49  896 3492.69677 4939.56125  41.4%   847  185s
  1656  1330 4768.49405   15  907 3492.69677 4939.56125  41.4%   846  192s
  1658  1332 3555.74169   90  905 3492.69677 4939.56125  41.4%   845  196s
  1660  1333 4263.46094   17  914 3492.69677 4931.05921  41.2%   844  202s
H 1660  1266                    3493.7248859 4931.05921  41.1%   844  204s
  1661  1267 4619.26797    9  899 3493.72489 4931.05921  41.1%   843  207s
  1662  1267 4931.05921    7  910 3493.72489 4931.05921  41.1%   843  211s
  1663  1268 3841.42898   27  898 3493.72489 4931.05921  41.1%   842  215s
  1665  1269 3972.74121   13  906 3493.72489 4914.13767  40.7%   841  222s
  1667  1271 4129.80290   16  912 3493.72489 4810.86732  37.7%   840  228s
  1668  1271 3847.13219   45  914 3493.72489 4810.86732  37.7%   840  230s
  1670  1273 3537.23732   83  924 3493.72489 4734.05742  35.5%   839  236s
  1672  1274 3555.74169   90  923 3493.72489 4734.02070  35.5%   838  241s
  1673  1275 3589.10943   76  929 3493.72489 4734.02070  35.5%   837  245s
  1675  1276 3603.27332   54  931 3493.72489 4659.13517  33.4%   836  250s
  1677  1277 3556.92736   43  933 3493.72489 4586.45899  31.3%   835  255s
  1679  1279 3578.07010   50  933 3493.72489 4584.03818  31.2%   834  260s
  1680  1279 3505.80236  127  937 3493.72489 4583.09809  31.2%   834  265s
  1681  1280 3539.32881  105  930 3493.72489 4573.80862  30.9%   833  272s
  1683  1281 3606.63212   77  937 3493.72489 4562.05914  30.6%   832  277s
  1685  1283 3616.04814   50  928 3493.72489 4562.05914  30.6%   831  282s
  1687  1284 3537.64917   82  934 3493.72489 4547.97174  30.2%   830  288s
  1688  1285 3638.69465   80  936 3493.72489 4547.91100  30.2%   830  291s
  1689  1285 3628.64443   52  934 3493.72489 4547.54739  30.2%   829  295s
  1691  1287 3558.99790   92  934 3493.72489 4547.54739  30.2%   828  301s
  1693  1288 4546.93269    8  945 3493.72489 4546.93269  30.1%   827  306s
  1696  1290 4357.03381    9  930 3493.72489 4504.16789  28.9%   826  311s
  1699  1292 3914.46222   31  940 3493.72489 4503.95299  28.9%   824  318s
  1700  1293 3580.93166   48  941 3493.72489 4503.95299  28.9%   824  320s
  1702  1294 3547.21680   91  939 3493.72489 4502.28543  28.9%   823  325s
  1704  1295 4413.19191   30  946 3493.72489 4482.57941  28.3%   822  330s
  1706  1297 3621.19804   49  946 3493.72489 4482.57941  28.3%   821  336s
H 1706  1231                    3494.2070515 4482.57941  28.3%   821  338s
  1708  1232 3539.50877   79  946 3494.20705 4482.57941  28.3%   820  341s
  1709  1233 3557.66629   38  946 3494.20705 4482.57941  28.3%   819  345s
  1711  1234 3538.70561   49  937 3494.20705 4478.20012  28.2%   819  355s
  1713  1235 3625.50599   95  933 3494.20705 4476.00681  28.1%   818  361s
  1715  1237 3597.18269   47  929 3494.20705 4476.00681  28.1%   817  366s
  1717  1238 3564.84669   70  940 3494.20705 4473.03090  28.0%   816  372s
  1719  1239 4392.11171   20  942 3494.20705 4471.86453  28.0%   815  378s
  1720  1240 4088.41577   11  934 3494.20705 4471.86453  28.0%   814  380s
  1723  1242 3643.96586   78  933 3494.20705 4469.64689  27.9%   813  386s
H 1724  1179                    3496.3723824 4469.64689  27.8%   812  392s
  1726  1183 4469.64689   14  882 3496.37238 4469.64689  27.8%  1062  410s
  1728  1186 4275.73422   15  867 3496.37238 4469.64689  27.8%  1076  423s
  1732  1193 3920.03651   16  844 3496.37238 4469.64689  27.8%  1098  445s
  1748  1236 3877.15821   18  874 3496.37238 4469.64689  27.8%  1147  453s
H 1751  1174                    3496.4742761 4469.64689  27.8%  1145  453s
H 1777  1108                    3496.9908190 4469.64689  27.8%  1138  453s
  1788  1130 3830.94965   21  857 3496.99082 4469.64689  27.8%  1134  456s
  1830  1148 3774.08661   23  810 3496.99082 4469.64689  27.8%  1122  462s
  1846  1161 3761.80392   24  808 3496.99082 4469.64689  27.8%  1119  466s
  1872  1176 3752.01543   26  764 3496.99082 4469.64689  27.8%  1121  472s
  1888  1181 3752.12987   26  794 3496.99082 4469.64689  27.8%  1116  476s
  1910  1202 3694.67737   28  784 3496.99082 4469.64689  27.8%  1120  480s
  1945  1218 3707.55353   30  801 3496.99082 4469.64689  27.8%  1111  485s
  1979  1256 3683.88624   32  637 3496.99082 4469.64689  27.8%  1105  490s
  2035  1283 3654.64899   34  566 3496.99082 4469.64689  27.8%  1098  496s
  2053  1297 3648.01066   35  515 3496.99082 4469.64689  27.8%  1095  501s
  2075  1315 3654.38261   35  563 3496.99082 4469.64689  27.8%  1101  505s
  2128  1337 3616.37629   43  556 3496.99082 4469.64689  27.8%  1104  513s
H 2131  1281                    3497.7625606 4469.64689  27.8%  1103  513s
  2156  1323 3618.06693   44  562 3497.76256 4469.64689  27.8%  1094  517s
H 2166  1267                    3498.2989182 4469.64689  27.8%  1090  517s
  2210  1317 3580.40024   49  549 3498.29892 4469.64689  27.8%  1075  520s
  2358  1346 infeasible   63      3498.29892 4469.64689  27.8%  1022  530s
  2412  1355 4469.64689   18  870 3498.29892 4469.64689  27.8%  1007  537s
H 2418  1304                    3498.4514715 4469.64689  27.8%  1006  537s
  2467  1303 4450.31229   21  857 3498.45147 4469.64689  27.8%   997  541s
  2557  1347 4272.15642   28  848 3498.45147 4469.64689  27.8%   981  552s
  2592  1368 4263.69281   33  847 3498.45147 4469.64689  27.8%   980  556s
  2625  1393 4129.68955   36  836 3498.45147 4469.64689  27.8%   977  560s
  2661  1416 4168.40647   35  832 3498.45147 4469.64689  27.8%   972  565s
  2752  1485 4129.09812   43  812 3498.45147 4469.64689  27.8%   960  574s
  2797  1535 4107.58396   46  802 3498.45147 4469.64689  27.8%   954  581s
  2866  1557 4022.69722   47  811 3498.45147 4469.64689  27.8%   941  585s

Cutting planes:
  Learned: 3
  Gomory: 6
  Cover: 129
  Implied bound: 141
  Projected implied bound: 1080
  Clique: 48
  MIR: 778
  StrongCG: 4
  Flow cover: 1011
  RLT: 77
  Relax-and-lift: 338
  BQP: 9
  PSD: 2

Explored 2913 nodes (2762346 simplex iterations) in 585.20 seconds (604.32 work units)
Thread count was 8 (of 12 available processors)

Solution count 10: 3498.45 3498.3 3497.76 ... 3492.7

Solve interrupted
Best objective 3.498451471517e+03, best bound 4.469646893419e+03, gap 27.7607%

